1673751012126	geckodriver	INFO	Listening on 127.0.0.1:63140
1673751015180	mozrunner::runner	INFO	Running command: "C:\\Program Files\\Mozilla Firefox\\firefox.exe" "--marionette" "--remote-debugging-port" "63141" "--remote-allow-hosts" "localhost" "-no-remote" "-profile" "C:\\Users\\Vigne\\AppData\\Local\\Temp\\rust_mozprofilehyKGeG"
1673751016327	Marionette	INFO	Marionette enabled
1673751016334	Marionette	INFO	Listening on port 63170
Read port: 63170
WebDriver BiDi listening on ws://127.0.0.1:63141
1673751016639	RemoteAgent	WARN	TLS certificate errors will be ignored for this session
console.warn: SearchSettings: "get: No settings file exists, new profile?" (new NotFoundError("Could not open the file at C:\\Users\\Vigne\\AppData\\Local\\Temp\\rust_mozprofilehyKGeG\\search.json.mozlz4", (void 0)))
DevTools listening on ws://127.0.0.1:63141/devtools/browser/6a01c0fc-670c-4464-9ba2-080c90fb15ca
1673751023331	Marionette	WARN	Ignoring event 'pageshow' because document has an invalid readyState of 'uninitialized'.
JavaScript warning: https://pagead2.googlesyndication.com/bg/sU6CjPDj0xr2jbZF4y7IwEoRNSn0ddnQS8nRuvxnxiY.js line 2 > eval line 7174 > eval line 1 > eval line 1 > eval, line 1: WEBGL_debug_renderer_info is deprecated in Firefox and will be removed. Please use RENDERER.
1673751027911	Marionette	WARN	Ignoring event 'pageshow' because document has an invalid readyState of 'uninitialized'.
1673751118454	geckodriver	INFO	Listening on 127.0.0.1:63874
1673751121535	mozrunner::runner	INFO	Running command: "C:\\Program Files\\Mozilla Firefox\\firefox.exe" "--marionette" "--remote-debugging-port" "63875" "--remote-allow-hosts" "localhost" "-no-remote" "-profile" "C:\\Users\\Vigne\\AppData\\Local\\Temp\\rust_mozprofileoWACda"
1673751122093	Marionette	INFO	Marionette enabled
1673751122105	Marionette	INFO	Listening on port 63891
Read port: 63891
WebDriver BiDi listening on ws://127.0.0.1:63875
1673751122493	RemoteAgent	WARN	TLS certificate errors will be ignored for this session
console.warn: SearchSettings: "get: No settings file exists, new profile?" (new NotFoundError("Could not open the file at C:\\Users\\Vigne\\AppData\\Local\\Temp\\rust_mozprofileoWACda\\search.json.mozlz4", (void 0)))
DevTools listening on ws://127.0.0.1:63875/devtools/browser/087ad479-30b4-4fc3-bae5-9b9d4b8f995f
1673751128857	Marionette	WARN	Ignoring event 'pageshow' because document has an invalid readyState of 'uninitialized'.
JavaScript warning: https://pagead2.googlesyndication.com/bg/sU6CjPDj0xr2jbZF4y7IwEoRNSn0ddnQS8nRuvxnxiY.js line 2 > eval line 5031 > eval line 1 > eval line 1 > eval, line 1: WEBGL_debug_renderer_info is deprecated in Firefox and will be removed. Please use RENDERER.
JavaScript warning: https://pagead2.googlesyndication.com/bg/sU6CjPDj0xr2jbZF4y7IwEoRNSn0ddnQS8nRuvxnxiY.js line 2 > eval line 3055 > eval line 1 > eval line 1 > eval, line 1: WEBGL_debug_renderer_info is deprecated in Firefox and will be removed. Please use RENDERER.
1673751132548	Marionette	WARN	Ignoring event 'pageshow' because document has an invalid readyState of 'uninitialized'.
1673751249449	geckodriver	INFO	Listening on 127.0.0.1:57164
1673751252516	mozrunner::runner	INFO	Running command: "C:\\Program Files\\Mozilla Firefox\\firefox.exe" "--marionette" "--remote-debugging-port" "57165" "--remote-allow-hosts" "localhost" "-no-remote" "-profile" "C:\\Users\\Vigne\\AppData\\Local\\Temp\\rust_mozprofilesP4uiI"
1673751253116	Marionette	INFO	Marionette enabled
1673751253130	Marionette	INFO	Listening on port 57178
Read port: 57178
WebDriver BiDi listening on ws://127.0.0.1:57165
1673751253403	RemoteAgent	WARN	TLS certificate errors will be ignored for this session
console.warn: SearchSettings: "get: No settings file exists, new profile?" (new NotFoundError("Could not open the file at C:\\Users\\Vigne\\AppData\\Local\\Temp\\rust_mozprofilesP4uiI\\search.json.mozlz4", (void 0)))
DevTools listening on ws://127.0.0.1:57165/devtools/browser/695246c2-28d5-49ef-ba38-3c73a808b6ba
1673751260421	Marionette	WARN	Ignoring event 'pageshow' because document has an invalid readyState of 'uninitialized'.
JavaScript warning: https://pagead2.googlesyndication.com/bg/sU6CjPDj0xr2jbZF4y7IwEoRNSn0ddnQS8nRuvxnxiY.js line 2 > eval line 578 > eval line 1 > eval line 1 > eval, line 1: WEBGL_debug_renderer_info is deprecated in Firefox and will be removed. Please use RENDERER.
1673751263656	Marionette	WARN	Ignoring event 'pageshow' because document has an invalid readyState of 'uninitialized'.
1673751267049	Marionette	WARN	TimedPromise timed out after 500 ms: stacktrace:
TimedPromise/<@chrome://remote/content/marionette/sync.sys.mjs:219:24
TimedPromise@chrome://remote/content/marionette/sync.sys.mjs:204:10
interaction.flushEventLoop@chrome://remote/content/marionette/interaction.sys.mjs:425:10
webdriverClickElement@chrome://remote/content/marionette/interaction.sys.mjs:173:31
1673751467214	geckodriver	INFO	Listening on 127.0.0.1:60826
1673751470286	mozrunner::runner	INFO	Running command: "C:\\Program Files\\Mozilla Firefox\\firefox.exe" "--marionette" "--remote-debugging-port" "60827" "--remote-allow-hosts" "localhost" "-no-remote" "-profile" "C:\\Users\\Vigne\\AppData\\Local\\Temp\\rust_mozprofilexzyxGl"
1673751470883	Marionette	INFO	Marionette enabled
1673751470890	Marionette	INFO	Listening on port 60842
Read port: 60842
WebDriver BiDi listening on ws://127.0.0.1:60827
1673751471199	RemoteAgent	WARN	TLS certificate errors will be ignored for this session
console.warn: SearchSettings: "get: No settings file exists, new profile?" (new NotFoundError("Could not open the file at C:\\Users\\Vigne\\AppData\\Local\\Temp\\rust_mozprofilexzyxGl\\search.json.mozlz4", (void 0)))
DevTools listening on ws://127.0.0.1:60827/devtools/browser/414e9b9a-37dc-4e3f-af95-60f00d482206
1673751478712	Marionette	WARN	Ignoring event 'pageshow' because document has an invalid readyState of 'uninitialized'.
JavaScript warning: https://pagead2.googlesyndication.com/bg/sU6CjPDj0xr2jbZF4y7IwEoRNSn0ddnQS8nRuvxnxiY.js line 2 > eval line 7516 > eval line 1 > eval line 1 > eval, line 1: WEBGL_debug_renderer_info is deprecated in Firefox and will be removed. Please use RENDERER.
1673751481849	Marionette	WARN	Ignoring event 'pageshow' because document has an invalid readyState of 'uninitialized'.
JavaScript warning: https://pagead2.googlesyndication.com/bg/sU6CjPDj0xr2jbZF4y7IwEoRNSn0ddnQS8nRuvxnxiY.js line 2 > eval line 7010 > eval line 1 > eval line 1 > eval, line 1: WEBGL_debug_renderer_info is deprecated in Firefox and will be removed. Please use RENDERER.
1673751524747	Marionette	WARN	TimedPromise timed out after 500 ms: stacktrace:
TimedPromise/<@chrome://remote/content/marionette/sync.sys.mjs:219:24
TimedPromise@chrome://remote/content/marionette/sync.sys.mjs:204:10
interaction.flushEventLoop@chrome://remote/content/marionette/interaction.sys.mjs:425:10
webdriverClickElement@chrome://remote/content/marionette/interaction.sys.mjs:173:31
1673751566501	geckodriver	INFO	Listening on 127.0.0.1:49725
1673751569576	mozrunner::runner	INFO	Running command: "C:\\Program Files\\Mozilla Firefox\\firefox.exe" "--marionette" "--remote-debugging-port" "49726" "--remote-allow-hosts" "localhost" "-no-remote" "-profile" "C:\\Users\\Vigne\\AppData\\Local\\Temp\\rust_mozprofile9BfnN1"
1673751570170	Marionette	INFO	Marionette enabled
1673751570180	Marionette	INFO	Listening on port 49740
Read port: 49740
WebDriver BiDi listening on ws://127.0.0.1:49726
1673751570607	RemoteAgent	WARN	TLS certificate errors will be ignored for this session
console.warn: SearchSettings: "get: No settings file exists, new profile?" (new NotFoundError("Could not open the file at C:\\Users\\Vigne\\AppData\\Local\\Temp\\rust_mozprofile9BfnN1\\search.json.mozlz4", (void 0)))
DevTools listening on ws://127.0.0.1:49726/devtools/browser/de749d86-9d16-43cf-bcc9-1a817c5b8a2f
console.error: Region.sys.mjs: "Error fetching region" (new Error("TIMEOUT", "resource://gre/modules/Region.sys.mjs", 764))
console.error: Region.sys.mjs: "Failed to fetch region" (new Error("TIMEOUT", "resource://gre/modules/Region.sys.mjs", 416))
1673751581919	Marionette	WARN	Ignoring event 'pageshow' because document has an invalid readyState of 'uninitialized'.
1673751583128	Marionette	WARN	Ignoring event 'pageshow' because document has an invalid readyState of 'uninitialized'.
JavaScript warning: https://pagead2.googlesyndication.com/bg/sU6CjPDj0xr2jbZF4y7IwEoRNSn0ddnQS8nRuvxnxiY.js line 2 > eval line 6104 > eval line 1 > eval line 1 > eval, line 1: WEBGL_debug_renderer_info is deprecated in Firefox and will be removed. Please use RENDERER.
1673751625972	geckodriver	INFO	Listening on 127.0.0.1:52397
1673751629038	mozrunner::runner	INFO	Running command: "C:\\Program Files\\Mozilla Firefox\\firefox.exe" "--marionette" "--remote-debugging-port" "52398" "--remote-allow-hosts" "localhost" "-no-remote" "-profile" "C:\\Users\\Vigne\\AppData\\Local\\Temp\\rust_mozprofileHONYeA"
1673751629610	Marionette	INFO	Marionette enabled
1673751629621	Marionette	INFO	Listening on port 52412
Read port: 52412
WebDriver BiDi listening on ws://127.0.0.1:52398
1673751629943	RemoteAgent	WARN	TLS certificate errors will be ignored for this session
console.warn: SearchSettings: "get: No settings file exists, new profile?" (new NotFoundError("Could not open the file at C:\\Users\\Vigne\\AppData\\Local\\Temp\\rust_mozprofileHONYeA\\search.json.mozlz4", (void 0)))
DevTools listening on ws://127.0.0.1:52398/devtools/browser/c6131f13-5d0e-4fe6-bfcd-ea60b1749fc3
1673751637059	Marionette	WARN	Ignoring event 'pageshow' because document has an invalid readyState of 'uninitialized'.
1673751640744	Marionette	WARN	Ignoring event 'pageshow' because document has an invalid readyState of 'uninitialized'.
JavaScript warning: https://pagead2.googlesyndication.com/bg/sU6CjPDj0xr2jbZF4y7IwEoRNSn0ddnQS8nRuvxnxiY.js line 2 > eval line 2675 > eval line 1 > eval line 1 > eval, line 1: WEBGL_debug_renderer_info is deprecated in Firefox and will be removed. Please use RENDERER.
1673751851030	geckodriver	INFO	Listening on 127.0.0.1:63670
1673751854104	mozrunner::runner	INFO	Running command: "C:\\Program Files\\Mozilla Firefox\\firefox.exe" "--marionette" "--remote-debugging-port" "63671" "--remote-allow-hosts" "localhost" "-no-remote" "-profile" "C:\\Users\\Vigne\\AppData\\Local\\Temp\\rust_mozprofileCeAYpa"
1673751854617	Marionette	INFO	Marionette enabled
1673751854627	Marionette	INFO	Listening on port 63685
Read port: 63685
WebDriver BiDi listening on ws://127.0.0.1:63671
1673751854888	RemoteAgent	WARN	TLS certificate errors will be ignored for this session
console.warn: SearchSettings: "get: No settings file exists, new profile?" (new NotFoundError("Could not open the file at C:\\Users\\Vigne\\AppData\\Local\\Temp\\rust_mozprofileCeAYpa\\search.json.mozlz4", (void 0)))
DevTools listening on ws://127.0.0.1:63671/devtools/browser/032196bd-bbcb-4662-ada0-6bb67ae36c33
1673751861069	Marionette	WARN	Ignoring event 'pageshow' because document has an invalid readyState of 'uninitialized'.
JavaScript warning: https://pagead2.googlesyndication.com/bg/sU6CjPDj0xr2jbZF4y7IwEoRNSn0ddnQS8nRuvxnxiY.js line 2 > eval line 4471 > eval line 1 > eval line 1 > eval, line 1: WEBGL_debug_renderer_info is deprecated in Firefox and will be removed. Please use RENDERER.
1673751889933	geckodriver	INFO	Listening on 127.0.0.1:64077
1673751893007	mozrunner::runner	INFO	Running command: "C:\\Program Files\\Mozilla Firefox\\firefox.exe" "--marionette" "--remote-debugging-port" "64078" "--remote-allow-hosts" "localhost" "-no-remote" "-profile" "C:\\Users\\Vigne\\AppData\\Local\\Temp\\rust_mozprofilej66106"
1673751893585	Marionette	INFO	Marionette enabled
1673751893593	Marionette	INFO	Listening on port 64093
Read port: 64093
WebDriver BiDi listening on ws://127.0.0.1:64078
1673751893881	RemoteAgent	WARN	TLS certificate errors will be ignored for this session
console.warn: SearchSettings: "get: No settings file exists, new profile?" (new NotFoundError("Could not open the file at C:\\Users\\Vigne\\AppData\\Local\\Temp\\rust_mozprofilej66106\\search.json.mozlz4", (void 0)))
DevTools listening on ws://127.0.0.1:64078/devtools/browser/31045409-a94a-4c6d-9c6f-bbedf7c312c3
1673751900461	Marionette	WARN	Ignoring event 'pageshow' because document has an invalid readyState of 'uninitialized'.
JavaScript warning: https://pagead2.googlesyndication.com/bg/sU6CjPDj0xr2jbZF4y7IwEoRNSn0ddnQS8nRuvxnxiY.js line 2 > eval line 289 > eval line 1 > eval line 1 > eval, line 1: WEBGL_debug_renderer_info is deprecated in Firefox and will be removed. Please use RENDERER.
1673751904017	Marionette	WARN	Ignoring event 'pageshow' because document has an invalid readyState of 'uninitialized'.
JavaScript warning: https://pagead2.googlesyndication.com/bg/sU6CjPDj0xr2jbZF4y7IwEoRNSn0ddnQS8nRuvxnxiY.js line 2 > eval line 6655 > eval line 1 > eval line 1 > eval, line 1: WEBGL_debug_renderer_info is deprecated in Firefox and will be removed. Please use RENDERER.
1673751977175	geckodriver	INFO	Listening on 127.0.0.1:55800
1673751980232	mozrunner::runner	INFO	Running command: "C:\\Program Files\\Mozilla Firefox\\firefox.exe" "--marionette" "--remote-debugging-port" "55801" "--remote-allow-hosts" "localhost" "-no-remote" "-profile" "C:\\Users\\Vigne\\AppData\\Local\\Temp\\rust_mozprofileKVv32g"
1673751980798	Marionette	INFO	Marionette enabled
1673751980808	Marionette	INFO	Listening on port 55814
Read port: 55814
WebDriver BiDi listening on ws://127.0.0.1:55801
1673751981169	RemoteAgent	WARN	TLS certificate errors will be ignored for this session
console.warn: SearchSettings: "get: No settings file exists, new profile?" (new NotFoundError("Could not open the file at C:\\Users\\Vigne\\AppData\\Local\\Temp\\rust_mozprofileKVv32g\\search.json.mozlz4", (void 0)))
DevTools listening on ws://127.0.0.1:55801/devtools/browser/af21b9dc-5d24-4306-9289-ace28da603ce
1673751988426	Marionette	WARN	Ignoring event 'pageshow' because document has an invalid readyState of 'uninitialized'.
1673751991448	Marionette	WARN	Ignoring event 'pageshow' because document has an invalid readyState of 'uninitialized'.
JavaScript warning: https://pagead2.googlesyndication.com/bg/sU6CjPDj0xr2jbZF4y7IwEoRNSn0ddnQS8nRuvxnxiY.js line 2 > eval line 5274 > eval line 1 > eval line 1 > eval, line 1: WEBGL_debug_renderer_info is deprecated in Firefox and will be removed. Please use RENDERER.
1673752893188	geckodriver	INFO	Listening on 127.0.0.1:59023
1673752896265	mozrunner::runner	INFO	Running command: "C:\\Program Files\\Mozilla Firefox\\firefox.exe" "--marionette" "--remote-debugging-port" "59024" "--remote-allow-hosts" "localhost" "-no-remote" "-profile" "C:\\Users\\Vigne\\AppData\\Local\\Temp\\rust_mozprofileaIMl7s"
1673752896889	Marionette	INFO	Marionette enabled
1673752896902	Marionette	INFO	Listening on port 59037
Read port: 59037
WebDriver BiDi listening on ws://127.0.0.1:59024
1673752897234	RemoteAgent	WARN	TLS certificate errors will be ignored for this session
console.warn: SearchSettings: "get: No settings file exists, new profile?" (new NotFoundError("Could not open the file at C:\\Users\\Vigne\\AppData\\Local\\Temp\\rust_mozprofileaIMl7s\\search.json.mozlz4", (void 0)))
DevTools listening on ws://127.0.0.1:59024/devtools/browser/7bc23e19-5add-4d66-9e16-3bf745cfc3ca
JavaScript warning: https://www.irctc.co.in/qN4jdo/c7tF/QNgXp/hcOw/881a35OQ/L5urXNmb3J/Hy9jbBo5DBA/aFZZFG/5KEkY, line 1: unreachable code after return statement
JavaScript warning: https://www.irctc.co.in/qN4jdo/c7tF/QNgXp/hcOw/881a35OQ/L5urXNmb3J/Hy9jbBo5DBA/aFZZFG/5KEkY, line 1: WEBGL_debug_renderer_info is deprecated in Firefox and will be removed. Please use RENDERER.
JavaScript warning: https://www.irctc.co.in/qN4jdo/c7tF/QNgXp/hcOw/881a35OQ/L5urXNmb3J/Hy9jbBo5DBA/aFZZFG/5KEkY, line 1: WEBGL_debug_renderer_info is deprecated in Firefox and will be removed. Please use RENDERER.
JavaScript error: https://pagead2.googlesyndication.com/pagead/js/adsbygoogle.js?client=ca-pub-9620429535585055, line 94: TagError: adsbygoogle.push() error: Warning: Do not add multiple property codes with AdSense tag to avoid seeing unexpected behavior. These codes were found on the page ca-pub-9620429535585055, ca-pub-8692878304946020
JavaScript error: https://pagead2.googlesyndication.com/pagead/js/adsbygoogle.js?client=ca-pub-8692878304946020, line 94: TagError: adsbygoogle.push() error: Warning: Do not add multiple property codes with AdSense tag to avoid seeing unexpected behavior. These codes were found on the page ca-pub-9126873611544123, ca-pub-8692878304946020
1673752906809	Marionette	WARN	Ignoring event 'pageshow' because document has an invalid readyState of 'uninitialized'.
JavaScript warning: https://pagead2.googlesyndication.com/bg/sU6CjPDj0xr2jbZF4y7IwEoRNSn0ddnQS8nRuvxnxiY.js line 2 > eval line 342 > eval line 1 > eval line 1 > eval, line 1: WEBGL_debug_renderer_info is deprecated in Firefox and will be removed. Please use RENDERER.
JavaScript warning: https://pagead2.googlesyndication.com/bg/sU6CjPDj0xr2jbZF4y7IwEoRNSn0ddnQS8nRuvxnxiY.js line 2 > eval line 366 > eval line 1 > eval line 1 > eval, line 1: WEBGL_debug_renderer_info is deprecated in Firefox and will be removed. Please use RENDERER.
JavaScript warning: https://pagead2.googlesyndication.com/bg/sU6CjPDj0xr2jbZF4y7IwEoRNSn0ddnQS8nRuvxnxiY.js line 2 > eval line 6171 > eval line 1 > eval line 1 > eval, line 1: WEBGL_debug_renderer_info is deprecated in Firefox and will be removed. Please use RENDERER.
JavaScript warning: https://pagead2.googlesyndication.com/bg/sU6CjPDj0xr2jbZF4y7IwEoRNSn0ddnQS8nRuvxnxiY.js line 2 > eval line 6022 > eval line 1 > eval line 1 > eval, line 1: WEBGL_debug_renderer_info is deprecated in Firefox and will be removed. Please use RENDERER.
JavaScript warning: https://pagead2.googlesyndication.com/bg/sU6CjPDj0xr2jbZF4y7IwEoRNSn0ddnQS8nRuvxnxiY.js line 2 > eval line 3181 > eval line 1 > eval line 1 > eval, line 1: WEBGL_debug_renderer_info is deprecated in Firefox and will be removed. Please use RENDERER.
SourceActor threw an exception: [Exception... "Failed to open input source 'chrome://global/content/neterror/aboutNetErrorCodes.js'"  nsresult: "0x805303f4 (<unknown>)"  location: "JS frame :: resource://devtools/shared/DevToolsUtils.js :: mainThreadFetch/< :: line 676"  data: yes]
Stack: mainThreadFetch/<@resource://devtools/shared/DevToolsUtils.js:676:15
mainThreadFetch@resource://devtools/shared/DevToolsUtils.js:517:10
_fetchURLContents@resource://devtools/server/actors/utils/sources-manager.js:446:22
urlContents@resource://devtools/server/actors/utils/sources-manager.js:410:17
_resurrectSource@resource://devtools/server/actors/thread.js:2154:35
addAllSources@resource://devtools/server/actors/thread.js:1486:14
watch@resource://devtools/server/actors/resources/sources.js:78:17
watchResources@resource://devtools/server/actors/resources/index.js:302:19
addSessionDataEntry@resource://devtools/server/actors/targets/session-data-processors/resources.js:11:21
addSessionDataEntry@resource://devtools/server/actors/targets/target-actor-mixin.js:46:25
_addSessionDataEntry@resource://devtools/server/connectors/js-window-actor/DevToolsFrameChild.sys.mjs:530:24
receiveMessage@resource://devtools/server/connectors/js-window-actor/DevToolsFrameChild.sys.mjs:439:21
Line: 676, column: 0
console.error: ({})
JavaScript error: resource://devtools/shared/DevToolsUtils.js, line 676: Failed to open input source 'chrome://global/content/neterror/aboutNetErrorCodes.js'
JavaScript error: resource://devtools/server/actors/utils/sources-manager.js, line 432: TypeError: channel is null
JavaScript error: resource://devtools/server/actors/utils/sources-manager.js, line 432: TypeError: channel is null
JavaScript error: resource://devtools/server/actors/utils/sources-manager.js, line 432: TypeError: channel is null
JavaScript error: resource://devtools/server/actors/utils/sources-manager.js, line 432: TypeError: channel is null
1673753143132	geckodriver	INFO	Listening on 127.0.0.1:59559
1673753146192	mozrunner::runner	INFO	Running command: "C:\\Program Files\\Mozilla Firefox\\firefox.exe" "--marionette" "--remote-debugging-port" "59560" "--remote-allow-hosts" "localhost" "-no-remote" "-profile" "C:\\Users\\Vigne\\AppData\\Local\\Temp\\rust_mozprofileOdplAn"
1673753146793	Marionette	INFO	Marionette enabled
1673753146801	Marionette	INFO	Listening on port 59575
Read port: 59575
WebDriver BiDi listening on ws://127.0.0.1:59560
1673753147079	RemoteAgent	WARN	TLS certificate errors will be ignored for this session
console.warn: SearchSettings: "get: No settings file exists, new profile?" (new NotFoundError("Could not open the file at C:\\Users\\Vigne\\AppData\\Local\\Temp\\rust_mozprofileOdplAn\\search.json.mozlz4", (void 0)))
DevTools listening on ws://127.0.0.1:59560/devtools/browser/e6035a39-6433-410f-adaa-6f13fd5ae597
JavaScript warning: https://www.irctc.co.in/qN4jdo/c7tF/QNgXp/hcOw/881a35OQ/L5urXNmb3J/Hy9jbBo5DBA/aFZZFG/5KEkY, line 1: unreachable code after return statement
JavaScript warning: https://www.irctc.co.in/qN4jdo/c7tF/QNgXp/hcOw/881a35OQ/L5urXNmb3J/Hy9jbBo5DBA/aFZZFG/5KEkY, line 1: WEBGL_debug_renderer_info is deprecated in Firefox and will be removed. Please use RENDERER.
JavaScript warning: https://www.irctc.co.in/qN4jdo/c7tF/QNgXp/hcOw/881a35OQ/L5urXNmb3J/Hy9jbBo5DBA/aFZZFG/5KEkY, line 1: WEBGL_debug_renderer_info is deprecated in Firefox and will be removed. Please use RENDERER.
JavaScript error: https://pagead2.googlesyndication.com/pagead/js/adsbygoogle.js?client=ca-pub-9126873611544123, line 94: TagError: adsbygoogle.push() error: Warning: Do not add multiple property codes with AdSense tag to avoid seeing unexpected behavior. These codes were found on the page ca-pub-9620429535585055, ca-pub-8692878304946020
JavaScript error: https://pagead2.googlesyndication.com/pagead/js/adsbygoogle.js?client=ca-pub-9620429535585055, line 94: TagError: adsbygoogle.push() error: Warning: Do not add multiple property codes with AdSense tag to avoid seeing unexpected behavior. These codes were found on the page ca-pub-9126873611544123, ca-pub-8692878304946020
JavaScript warning: https://pagead2.googlesyndication.com/bg/sU6CjPDj0xr2jbZF4y7IwEoRNSn0ddnQS8nRuvxnxiY.js line 2 > eval line 7171 > eval line 1 > eval line 1 > eval, line 1: WEBGL_debug_renderer_info is deprecated in Firefox and will be removed. Please use RENDERER.
JavaScript warning: https://pagead2.googlesyndication.com/bg/sU6CjPDj0xr2jbZF4y7IwEoRNSn0ddnQS8nRuvxnxiY.js line 2 > eval line 2983 > eval line 1 > eval line 1 > eval, line 1: WEBGL_debug_renderer_info is deprecated in Firefox and will be removed. Please use RENDERER.
1673753159797	Marionette	WARN	Ignoring event 'pageshow' because document has an invalid readyState of 'uninitialized'.
JavaScript warning: https://pagead2.googlesyndication.com/bg/sU6CjPDj0xr2jbZF4y7IwEoRNSn0ddnQS8nRuvxnxiY.js line 2 > eval line 3266 > eval line 1 > eval line 1 > eval, line 1: WEBGL_debug_renderer_info is deprecated in Firefox and will be removed. Please use RENDERER.
JavaScript warning: https://pagead2.googlesyndication.com/bg/sU6CjPDj0xr2jbZF4y7IwEoRNSn0ddnQS8nRuvxnxiY.js line 2 > eval line 5837 > eval line 1 > eval line 1 > eval, line 1: WEBGL_debug_renderer_info is deprecated in Firefox and will be removed. Please use RENDERER.
JavaScript warning: https://pagead2.googlesyndication.com/bg/sU6CjPDj0xr2jbZF4y7IwEoRNSn0ddnQS8nRuvxnxiY.js line 2 > eval line 460 > eval line 1 > eval line 1 > eval, line 1: WEBGL_debug_renderer_info is deprecated in Firefox and will be removed. Please use RENDERER.
JavaScript warning: https://pagead2.googlesyndication.com/bg/sU6CjPDj0xr2jbZF4y7IwEoRNSn0ddnQS8nRuvxnxiY.js line 2 > eval line 2049 > eval line 1 > eval line 1 > eval, line 1: WEBGL_debug_renderer_info is deprecated in Firefox and will be removed. Please use RENDERER.
1673753330745	geckodriver	INFO	Listening on 127.0.0.1:60043
1673753333797	mozrunner::runner	INFO	Running command: "C:\\Program Files\\Mozilla Firefox\\firefox.exe" "--marionette" "--remote-debugging-port" "60044" "--remote-allow-hosts" "localhost" "-no-remote" "-profile" "C:\\Users\\Vigne\\AppData\\Local\\Temp\\rust_mozprofilerLYq5A"
1673753334547	Marionette	INFO	Marionette enabled
1673753334559	Marionette	INFO	Listening on port 60059
Read port: 60059
WebDriver BiDi listening on ws://127.0.0.1:60044
1673753334959	RemoteAgent	WARN	TLS certificate errors will be ignored for this session
console.warn: SearchSettings: "get: No settings file exists, new profile?" (new NotFoundError("Could not open the file at C:\\Users\\Vigne\\AppData\\Local\\Temp\\rust_mozprofilerLYq5A\\search.json.mozlz4", (void 0)))
DevTools listening on ws://127.0.0.1:60044/devtools/browser/56abefb9-7fd6-416f-a9a9-69708458de94
JavaScript warning: https://www.irctc.co.in/qN4jdo/c7tF/QNgXp/hcOw/881a35OQ/L5urXNmb3J/Hy9jbBo5DBA/aFZZFG/5KEkY, line 1: unreachable code after return statement
JavaScript warning: https://www.irctc.co.in/qN4jdo/c7tF/QNgXp/hcOw/881a35OQ/L5urXNmb3J/Hy9jbBo5DBA/aFZZFG/5KEkY, line 1: WEBGL_debug_renderer_info is deprecated in Firefox and will be removed. Please use RENDERER.
JavaScript warning: https://www.irctc.co.in/qN4jdo/c7tF/QNgXp/hcOw/881a35OQ/L5urXNmb3J/Hy9jbBo5DBA/aFZZFG/5KEkY, line 1: WEBGL_debug_renderer_info is deprecated in Firefox and will be removed. Please use RENDERER.
JavaScript error: https://pagead2.googlesyndication.com/pagead/js/adsbygoogle.js?client=ca-pub-9126873611544123, line 94: TagError: adsbygoogle.push() error: Warning: Do not add multiple property codes with AdSense tag to avoid seeing unexpected behavior. These codes were found on the page ca-pub-9620429535585055, ca-pub-8692878304946020
JavaScript error: https://pagead2.googlesyndication.com/pagead/js/adsbygoogle.js?client=ca-pub-9620429535585055, line 94: TagError: adsbygoogle.push() error: Warning: Do not add multiple property codes with AdSense tag to avoid seeing unexpected behavior. These codes were found on the page ca-pub-9126873611544123, ca-pub-8692878304946020
1673753345198	Marionette	WARN	Ignoring event 'pageshow' because document has an invalid readyState of 'uninitialized'.
JavaScript warning: https://pagead2.googlesyndication.com/bg/sU6CjPDj0xr2jbZF4y7IwEoRNSn0ddnQS8nRuvxnxiY.js line 2 > eval line 5497 > eval line 1 > eval line 1 > eval, line 1: WEBGL_debug_renderer_info is deprecated in Firefox and will be removed. Please use RENDERER.
JavaScript warning: https://pagead2.googlesyndication.com/bg/sU6CjPDj0xr2jbZF4y7IwEoRNSn0ddnQS8nRuvxnxiY.js line 2 > eval line 3129 > eval line 1 > eval line 1 > eval, line 1: WEBGL_debug_renderer_info is deprecated in Firefox and will be removed. Please use RENDERER.
JavaScript warning: https://pagead2.googlesyndication.com/bg/sU6CjPDj0xr2jbZF4y7IwEoRNSn0ddnQS8nRuvxnxiY.js line 2 > eval line 4212 > eval line 1 > eval line 1 > eval, line 1: WEBGL_debug_renderer_info is deprecated in Firefox and will be removed. Please use RENDERER.
JavaScript warning: https://pagead2.googlesyndication.com/bg/sU6CjPDj0xr2jbZF4y7IwEoRNSn0ddnQS8nRuvxnxiY.js line 2 > eval line 6973 > eval line 1 > eval line 1 > eval, line 1: WEBGL_debug_renderer_info is deprecated in Firefox and will be removed. Please use RENDERER.
JavaScript warning: https://pagead2.googlesyndication.com/bg/sU6CjPDj0xr2jbZF4y7IwEoRNSn0ddnQS8nRuvxnxiY.js line 2 > eval line 3234 > eval line 1 > eval line 1 > eval, line 1: WEBGL_debug_renderer_info is deprecated in Firefox and will be removed. Please use RENDERER.
1673753495806	geckodriver	INFO	Listening on 127.0.0.1:60433
1673753498870	mozrunner::runner	INFO	Running command: "C:\\Program Files\\Mozilla Firefox\\firefox.exe" "--marionette" "--remote-debugging-port" "60434" "--remote-allow-hosts" "localhost" "-no-remote" "-profile" "C:\\Users\\Vigne\\AppData\\Local\\Temp\\rust_mozprofileR6cthO"
1673753499861	Marionette	INFO	Marionette enabled
1673753499872	Marionette	INFO	Listening on port 60448
Read port: 60448
WebDriver BiDi listening on ws://127.0.0.1:60434
1673753500266	RemoteAgent	WARN	TLS certificate errors will be ignored for this session
console.warn: SearchSettings: "get: No settings file exists, new profile?" (new NotFoundError("Could not open the file at C:\\Users\\Vigne\\AppData\\Local\\Temp\\rust_mozprofileR6cthO\\search.json.mozlz4", (void 0)))
DevTools listening on ws://127.0.0.1:60434/devtools/browser/e7587126-4e57-43a0-9a4b-9210c406f63d
JavaScript warning: https://www.irctc.co.in/qN4jdo/c7tF/QNgXp/hcOw/881a35OQ/L5urXNmb3J/Hy9jbBo5DBA/aFZZFG/5KEkY, line 1: unreachable code after return statement
JavaScript warning: https://www.irctc.co.in/qN4jdo/c7tF/QNgXp/hcOw/881a35OQ/L5urXNmb3J/Hy9jbBo5DBA/aFZZFG/5KEkY, line 1: WEBGL_debug_renderer_info is deprecated in Firefox and will be removed. Please use RENDERER.
JavaScript warning: https://www.irctc.co.in/qN4jdo/c7tF/QNgXp/hcOw/881a35OQ/L5urXNmb3J/Hy9jbBo5DBA/aFZZFG/5KEkY, line 1: WEBGL_debug_renderer_info is deprecated in Firefox and will be removed. Please use RENDERER.
JavaScript error: https://pagead2.googlesyndication.com/pagead/js/adsbygoogle.js?client=ca-pub-9126873611544123, line 94: TagError: adsbygoogle.push() error: Warning: Do not add multiple property codes with AdSense tag to avoid seeing unexpected behavior. These codes were found on the page ca-pub-9620429535585055, ca-pub-8692878304946020
JavaScript error: https://pagead2.googlesyndication.com/pagead/js/adsbygoogle.js?client=ca-pub-8692878304946020, line 94: TagError: adsbygoogle.push() error: Warning: Do not add multiple property codes with AdSense tag to avoid seeing unexpected behavior. These codes were found on the page ca-pub-9126873611544123, ca-pub-8692878304946020
1673753511217	Marionette	WARN	Ignoring event 'pageshow' because document has an invalid readyState of 'uninitialized'.
JavaScript warning: https://pagead2.googlesyndication.com/bg/sU6CjPDj0xr2jbZF4y7IwEoRNSn0ddnQS8nRuvxnxiY.js line 2 > eval line 3041 > eval line 1 > eval line 1 > eval, line 1: WEBGL_debug_renderer_info is deprecated in Firefox and will be removed. Please use RENDERER.
JavaScript warning: https://pagead2.googlesyndication.com/bg/sU6CjPDj0xr2jbZF4y7IwEoRNSn0ddnQS8nRuvxnxiY.js line 2 > eval line 6846 > eval line 1 > eval line 1 > eval, line 1: WEBGL_debug_renderer_info is deprecated in Firefox and will be removed. Please use RENDERER.
JavaScript warning: https://pagead2.googlesyndication.com/bg/sU6CjPDj0xr2jbZF4y7IwEoRNSn0ddnQS8nRuvxnxiY.js line 2 > eval line 484 > eval line 1 > eval line 1 > eval, line 1: WEBGL_debug_renderer_info is deprecated in Firefox and will be removed. Please use RENDERER.
JavaScript warning: https://pagead2.googlesyndication.com/bg/sU6CjPDj0xr2jbZF4y7IwEoRNSn0ddnQS8nRuvxnxiY.js line 2 > eval line 1977 > eval line 1 > eval line 1 > eval, line 1: WEBGL_debug_renderer_info is deprecated in Firefox and will be removed. Please use RENDERER.
JavaScript warning: https://pagead2.googlesyndication.com/bg/sU6CjPDj0xr2jbZF4y7IwEoRNSn0ddnQS8nRuvxnxiY.js line 2 > eval line 2836 > eval line 1 > eval line 1 > eval, line 1: WEBGL_debug_renderer_info is deprecated in Firefox and will be removed. Please use RENDERER.
1673753522501	Marionette	WARN	TimedPromise timed out after 500 ms: stacktrace:
TimedPromise/<@chrome://remote/content/marionette/sync.sys.mjs:219:24
TimedPromise@chrome://remote/content/marionette/sync.sys.mjs:204:10
interaction.flushEventLoop@chrome://remote/content/marionette/interaction.sys.mjs:425:10
webdriverClickElement@chrome://remote/content/marionette/interaction.sys.mjs:173:31
JavaScript warning: https://pagead2.googlesyndication.com/bg/sU6CjPDj0xr2jbZF4y7IwEoRNSn0ddnQS8nRuvxnxiY.js line 2 > eval line 181 > eval line 1 > eval line 1 > eval, line 1: WEBGL_debug_renderer_info is deprecated in Firefox and will be removed. Please use RENDERER.
1673753564047	geckodriver	INFO	Listening on 127.0.0.1:57043
1673753567115	mozrunner::runner	INFO	Running command: "C:\\Program Files\\Mozilla Firefox\\firefox.exe" "--marionette" "--remote-debugging-port" "57044" "--remote-allow-hosts" "localhost" "-no-remote" "-profile" "C:\\Users\\Vigne\\AppData\\Local\\Temp\\rust_mozprofileLzMzTZ"
1673753568027	Marionette	INFO	Marionette enabled
1673753568039	Marionette	INFO	Listening on port 57060
Read port: 57060
WebDriver BiDi listening on ws://127.0.0.1:57044
1673753568482	RemoteAgent	WARN	TLS certificate errors will be ignored for this session
console.warn: SearchSettings: "get: No settings file exists, new profile?" (new NotFoundError("Could not open the file at C:\\Users\\Vigne\\AppData\\Local\\Temp\\rust_mozprofileLzMzTZ\\search.json.mozlz4", (void 0)))
DevTools listening on ws://127.0.0.1:57044/devtools/browser/c3ac15b2-dc10-47ad-9d51-3958526e353b
JavaScript warning: https://www.irctc.co.in/qN4jdo/c7tF/QNgXp/hcOw/881a35OQ/L5urXNmb3J/Hy9jbBo5DBA/aFZZFG/5KEkY, line 1: unreachable code after return statement
JavaScript warning: https://www.irctc.co.in/qN4jdo/c7tF/QNgXp/hcOw/881a35OQ/L5urXNmb3J/Hy9jbBo5DBA/aFZZFG/5KEkY, line 1: WEBGL_debug_renderer_info is deprecated in Firefox and will be removed. Please use RENDERER.
JavaScript warning: https://www.irctc.co.in/qN4jdo/c7tF/QNgXp/hcOw/881a35OQ/L5urXNmb3J/Hy9jbBo5DBA/aFZZFG/5KEkY, line 1: WEBGL_debug_renderer_info is deprecated in Firefox and will be removed. Please use RENDERER.
JavaScript error: https://pagead2.googlesyndication.com/pagead/js/adsbygoogle.js?client=ca-pub-9620429535585055, line 94: TagError: adsbygoogle.push() error: Warning: Do not add multiple property codes with AdSense tag to avoid seeing unexpected behavior. These codes were found on the page ca-pub-9620429535585055, ca-pub-8692878304946020
JavaScript error: https://pagead2.googlesyndication.com/pagead/js/adsbygoogle.js?client=ca-pub-9126873611544123, line 94: TagError: adsbygoogle.push() error: Warning: Do not add multiple property codes with AdSense tag to avoid seeing unexpected behavior. These codes were found on the page ca-pub-9126873611544123, ca-pub-8692878304946020
1673753579894	Marionette	WARN	Ignoring event 'pageshow' because document has an invalid readyState of 'uninitialized'.
JavaScript warning: https://pagead2.googlesyndication.com/bg/sU6CjPDj0xr2jbZF4y7IwEoRNSn0ddnQS8nRuvxnxiY.js line 2 > eval line 7602 > eval line 1 > eval line 1 > eval, line 1: WEBGL_debug_renderer_info is deprecated in Firefox and will be removed. Please use RENDERER.
JavaScript warning: https://pagead2.googlesyndication.com/bg/sU6CjPDj0xr2jbZF4y7IwEoRNSn0ddnQS8nRuvxnxiY.js line 2 > eval line 3697 > eval line 1 > eval line 1 > eval, line 1: WEBGL_debug_renderer_info is deprecated in Firefox and will be removed. Please use RENDERER.
JavaScript warning: https://pagead2.googlesyndication.com/bg/sU6CjPDj0xr2jbZF4y7IwEoRNSn0ddnQS8nRuvxnxiY.js line 2 > eval line 1510 > eval line 1 > eval line 1 > eval, line 1: WEBGL_debug_renderer_info is deprecated in Firefox and will be removed. Please use RENDERER.
JavaScript warning: https://pagead2.googlesyndication.com/bg/sU6CjPDj0xr2jbZF4y7IwEoRNSn0ddnQS8nRuvxnxiY.js line 2 > eval line 4831 > eval line 1 > eval line 1 > eval, line 1: WEBGL_debug_renderer_info is deprecated in Firefox and will be removed. Please use RENDERER.
1673753753026	geckodriver	INFO	Listening on 127.0.0.1:57477
1673753756476	mozrunner::runner	INFO	Running command: "C:\\Program Files\\Mozilla Firefox\\firefox.exe" "--marionette" "--remote-debugging-port" "57478" "--remote-allow-hosts" "localhost" "-no-remote" "-profile" "C:\\Users\\Vigne\\AppData\\Local\\Temp\\rust_mozprofileE925RL"
1673753757603	Marionette	INFO	Marionette enabled
1673753757611	Marionette	INFO	Listening on port 57493
Read port: 57493
WebDriver BiDi listening on ws://127.0.0.1:57478
1673753758148	RemoteAgent	WARN	TLS certificate errors will be ignored for this session
console.warn: SearchSettings: "get: No settings file exists, new profile?" (new NotFoundError("Could not open the file at C:\\Users\\Vigne\\AppData\\Local\\Temp\\rust_mozprofileE925RL\\search.json.mozlz4", (void 0)))
DevTools listening on ws://127.0.0.1:57478/devtools/browser/a1de2294-64fa-44b2-be40-7b572a927a4a
JavaScript warning: https://www.irctc.co.in/qN4jdo/c7tF/QNgXp/hcOw/881a35OQ/L5urXNmb3J/Hy9jbBo5DBA/aFZZFG/5KEkY, line 1: unreachable code after return statement
JavaScript warning: https://www.irctc.co.in/qN4jdo/c7tF/QNgXp/hcOw/881a35OQ/L5urXNmb3J/Hy9jbBo5DBA/aFZZFG/5KEkY, line 1: WEBGL_debug_renderer_info is deprecated in Firefox and will be removed. Please use RENDERER.
JavaScript warning: https://www.irctc.co.in/qN4jdo/c7tF/QNgXp/hcOw/881a35OQ/L5urXNmb3J/Hy9jbBo5DBA/aFZZFG/5KEkY, line 1: WEBGL_debug_renderer_info is deprecated in Firefox and will be removed. Please use RENDERER.
JavaScript error: https://pagead2.googlesyndication.com/pagead/js/adsbygoogle.js?client=ca-pub-8692878304946020, line 94: TagError: adsbygoogle.push() error: Warning: Do not add multiple property codes with AdSense tag to avoid seeing unexpected behavior. These codes were found on the page ca-pub-9620429535585055, ca-pub-8692878304946020
JavaScript error: https://pagead2.googlesyndication.com/pagead/js/adsbygoogle.js?client=ca-pub-9620429535585055, line 94: TagError: adsbygoogle.push() error: Warning: Do not add multiple property codes with AdSense tag to avoid seeing unexpected behavior. These codes were found on the page ca-pub-9126873611544123, ca-pub-8692878304946020
1673753775793	Marionette	WARN	Ignoring event 'pageshow' because document has an invalid readyState of 'uninitialized'.
JavaScript warning: https://pagead2.googlesyndication.com/bg/sU6CjPDj0xr2jbZF4y7IwEoRNSn0ddnQS8nRuvxnxiY.js line 2 > eval line 7249 > eval line 1 > eval line 1 > eval, line 1: WEBGL_debug_renderer_info is deprecated in Firefox and will be removed. Please use RENDERER.
JavaScript warning: https://pagead2.googlesyndication.com/bg/sU6CjPDj0xr2jbZF4y7IwEoRNSn0ddnQS8nRuvxnxiY.js line 2 > eval line 1111 > eval line 1 > eval line 1 > eval, line 1: WEBGL_debug_renderer_info is deprecated in Firefox and will be removed. Please use RENDERER.
JavaScript warning: https://pagead2.googlesyndication.com/bg/sU6CjPDj0xr2jbZF4y7IwEoRNSn0ddnQS8nRuvxnxiY.js line 2 > eval line 2356 > eval line 1 > eval line 1 > eval, line 1: WEBGL_debug_renderer_info is deprecated in Firefox and will be removed. Please use RENDERER.
JavaScript warning: https://pagead2.googlesyndication.com/bg/sU6CjPDj0xr2jbZF4y7IwEoRNSn0ddnQS8nRuvxnxiY.js line 2 > eval line 595 > eval line 1 > eval line 1 > eval, line 1: WEBGL_debug_renderer_info is deprecated in Firefox and will be removed. Please use RENDERER.
JavaScript warning: https://pagead2.googlesyndication.com/bg/sU6CjPDj0xr2jbZF4y7IwEoRNSn0ddnQS8nRuvxnxiY.js line 2 > eval line 2875 > eval line 1 > eval line 1 > eval, line 1: WEBGL_debug_renderer_info is deprecated in Firefox and will be removed. Please use RENDERER.
1673753811592	geckodriver	INFO	Listening on 127.0.0.1:57731
1673753814657	mozrunner::runner	INFO	Running command: "C:\\Program Files\\Mozilla Firefox\\firefox.exe" "--marionette" "--remote-debugging-port" "57732" "--remote-allow-hosts" "localhost" "-no-remote" "-profile" "C:\\Users\\Vigne\\AppData\\Local\\Temp\\rust_mozprofileZda1Ik"
1673753815182	Marionette	INFO	Marionette enabled
1673753815188	Marionette	INFO	Listening on port 57745
Read port: 57745
WebDriver BiDi listening on ws://127.0.0.1:57732
1673753815423	RemoteAgent	WARN	TLS certificate errors will be ignored for this session
console.warn: SearchSettings: "get: No settings file exists, new profile?" (new NotFoundError("Could not open the file at C:\\Users\\Vigne\\AppData\\Local\\Temp\\rust_mozprofileZda1Ik\\search.json.mozlz4", (void 0)))
DevTools listening on ws://127.0.0.1:57732/devtools/browser/b57798c5-b701-4144-8d62-84a2f234ed5e
console.error: Region.sys.mjs: "Error fetching region" (new Error("TIMEOUT", "resource://gre/modules/Region.sys.mjs", 764))
console.error: Region.sys.mjs: "Failed to fetch region" (new Error("TIMEOUT", "resource://gre/modules/Region.sys.mjs", 416))
JavaScript warning: https://www.irctc.co.in/qN4jdo/c7tF/QNgXp/hcOw/881a35OQ/L5urXNmb3J/Hy9jbBo5DBA/aFZZFG/5KEkY, line 1: unreachable code after return statement
JavaScript warning: https://www.irctc.co.in/qN4jdo/c7tF/QNgXp/hcOw/881a35OQ/L5urXNmb3J/Hy9jbBo5DBA/aFZZFG/5KEkY, line 1: WEBGL_debug_renderer_info is deprecated in Firefox and will be removed. Please use RENDERER.
JavaScript warning: https://www.irctc.co.in/qN4jdo/c7tF/QNgXp/hcOw/881a35OQ/L5urXNmb3J/Hy9jbBo5DBA/aFZZFG/5KEkY, line 1: WEBGL_debug_renderer_info is deprecated in Firefox and will be removed. Please use RENDERER.
JavaScript error: https://pagead2.googlesyndication.com/pagead/js/adsbygoogle.js?client=ca-pub-9126873611544123, line 94: TagError: adsbygoogle.push() error: Warning: Do not add multiple property codes with AdSense tag to avoid seeing unexpected behavior. These codes were found on the page ca-pub-9620429535585055, ca-pub-8692878304946020
JavaScript error: https://pagead2.googlesyndication.com/pagead/js/adsbygoogle.js?client=ca-pub-9620429535585055, line 94: TagError: adsbygoogle.push() error: Warning: Do not add multiple property codes with AdSense tag to avoid seeing unexpected behavior. These codes were found on the page ca-pub-9126873611544123, ca-pub-8692878304946020
JavaScript warning: https://pagead2.googlesyndication.com/bg/sU6CjPDj0xr2jbZF4y7IwEoRNSn0ddnQS8nRuvxnxiY.js line 2 > eval line 2795 > eval line 1 > eval line 1 > eval, line 1: WEBGL_debug_renderer_info is deprecated in Firefox and will be removed. Please use RENDERER.
JavaScript warning: https://pagead2.googlesyndication.com/bg/sU6CjPDj0xr2jbZF4y7IwEoRNSn0ddnQS8nRuvxnxiY.js line 2 > eval line 1080 > eval line 1 > eval line 1 > eval, line 1: WEBGL_debug_renderer_info is deprecated in Firefox and will be removed. Please use RENDERER.
1673753829893	Marionette	WARN	Ignoring event 'pageshow' because document has an invalid readyState of 'uninitialized'.
JavaScript warning: https://pagead2.googlesyndication.com/bg/sU6CjPDj0xr2jbZF4y7IwEoRNSn0ddnQS8nRuvxnxiY.js line 2 > eval line 427 > eval line 1 > eval line 1 > eval, line 1: WEBGL_debug_renderer_info is deprecated in Firefox and will be removed. Please use RENDERER.
JavaScript warning: https://pagead2.googlesyndication.com/bg/sU6CjPDj0xr2jbZF4y7IwEoRNSn0ddnQS8nRuvxnxiY.js line 2 > eval line 4030 > eval line 1 > eval line 1 > eval, line 1: WEBGL_debug_renderer_info is deprecated in Firefox and will be removed. Please use RENDERER.
1673753939165	Marionette	INFO	Stopped listening on port 57745
console.warn: TopSitesFeed: Failed to fetch data from Contile server: NetworkError when attempting to fetch resource.
JavaScript error: , line 0: TypeError: NetworkError when attempting to fetch resource.
JavaScript error: , line 0: TypeError: NetworkError when attempting to fetch resource.
JavaScript error: , line 0: TypeError: NetworkError when attempting to fetch resource.
JavaScript error: , line 0: TypeError: NetworkError when attempting to fetch resource.
JavaScript error: , line 0: TypeError: NetworkError when attempting to fetch resource.
[Parent 15420, IPC I/O Parent] WARNING: DuplicateHandle failed for handle 0 in TransferHandles: file /builds/worker/checkouts/gecko/ipc/chromium/src/chrome/common/ipc_channel_win.cc:746
JavaScript error: , line 0: TypeError: NetworkError when attempting to fetch resource.
JavaScript error: , line 0: TypeError: NetworkError when attempting to fetch resource.
JavaScript error: , line 0: TypeError: NetworkError when attempting to fetch resource.
JavaScript error: , line 0: TypeError: NetworkError when attempting to fetch resource.
JavaScript error: , line 0: TypeError: NetworkError when attempting to fetch resource.
JavaScript error: , line 0: TypeError: NetworkError when attempting to fetch resource.
do/c7tF/QNgXp/hcOw/881a35OQ/L5urXNmb3J/Hy9jbBo5DBA/aFZZFG/5KEkY, line 1: WEBGL_debug_renderer_info is deprecated in Firefox and will be removed. Please use RENDERER.
JavaScript error: https://pagead2.googlesyndication.com/pagead/js/adsbygoogle.js?client=ca-pub-9126873611544123, line 94: TagError: adsbygoogle.push() error: Warning: Do not add multiple property codes with AdSense tag to avoid seeing unexpected behavior. These codes were found on the page ca-pub-9620429535585055, ca-pub-8692878304946020
JavaScript error: https://pagead2.googlesyndication.com/pagead/js/adsbygoogle.js?client=ca-pub-8692878304946020, line 94: TagError: adsbygoogle.push() error: Warning: Do not add multiple property codes with AdSense tag to avoid seeing unexpected behavior. These codes were found on the page ca-pub-9126873611544123, ca-pub-8692878304946020
1673753888612	Marionette	WARN	Ignoring event 'pageshow' because document has an invalid readyState of 'uninitialized'.
JavaScript error: , line 0: TypeError: NetworkError when attempting to fetch resource.
1673753928102	Marionette	WARN	Ignoring event 'pageshow' because document has an invalid readyState of 'uninitialized'.
1673753938143	geckodriver	INFO	Listening on 127.0.0.1:58319
1673753941197	mozrunner::runner	INFO	Running command: "C:\\Program Files\\Mozilla Firefox\\firefox.exe" "--marionette" "--remote-debugging-port" "58320" "--remote-allow-hosts" "localhost" "-no-remote" "-profile" "C:\\Users\\Vigne\\AppData\\Local\\Temp\\rust_mozprofilel4MBzv"
1673753941924	Marionette	INFO	Marionette enabled
1673753941934	Marionette	INFO	Listening on port 58345
Read port: 58345
WebDriver BiDi listening on ws://127.0.0.1:58320
1673753942201	RemoteAgent	WARN	TLS certificate errors will be ignored for this session
console.warn: SearchSettings: "get: No settings file exists, new profile?" (new NotFoundError("Could not open the file at C:\\Users\\Vigne\\AppData\\Local\\Temp\\rust_mozprofilel4MBzv\\search.json.mozlz4", (void 0)))
DevTools listening on ws://127.0.0.1:58320/devtools/browser/cb01d2a0-4f0d-44ec-8652-ffa53298031b
JavaScript warning: https://www.irctc.co.in/qN4jdo/c7tF/QNgXp/hcOw/881a35OQ/L5urXNmb3J/Hy9jbBo5DBA/aFZZFG/5KEkY, line 1: unreachable code after return statement
JavaScript warning: https://www.irctc.co.in/qN4jdo/c7tF/QNgXp/hcOw/881a35OQ/L5urXNmb3J/Hy9jbBo5DBA/aFZZFG/5KEkY, line 1: WEBGL_debug_renderer_info is deprecated in Firefox and will be removed. Please use RENDERER.
JavaScript warning: https://www.irctc.co.in/qN4jdo/c7tF/QNgXp/hcOw/881a35OQ/L5urXNmb3J/Hy9jbBo5DBA/aFZZFG/5KEkY, line 1: WEBGL_debug_renderer_info is deprecated in Firefox and will be removed. Please use RENDERER.
JavaScript error: https://pagead2.googlesyndication.com/pagead/js/adsbygoogle.js?client=ca-pub-9126873611544123, line 94: TagError: adsbygoogle.push() error: Warning: Do not add multiple property codes with AdSense tag to avoid seeing unexpected behavior. These codes were found on the page ca-pub-9620429535585055, ca-pub-8692878304946020
JavaScript error: https://pagead2.googlesyndication.com/pagead/js/adsbygoogle.js?client=ca-pub-9620429535585055, line 94: TagError: adsbygoogle.push() error: Warning: Do not add multiple property codes with AdSense tag to avoid seeing unexpected behavior. These codes were found on the page ca-pub-9126873611544123, ca-pub-8692878304946020
1673753956562	Marionette	WARN	Ignoring event 'pageshow' because document has an invalid readyState of 'uninitialized'.
JavaScript warning: https://pagead2.googlesyndication.com/bg/sU6CjPDj0xr2jbZF4y7IwEoRNSn0ddnQS8nRuvxnxiY.js line 2 > eval line 3203 > eval line 1 > eval line 1 > eval, line 1: WEBGL_debug_renderer_info is deprecated in Firefox and will be removed. Please use RENDERER.
JavaScript warning: https://pagead2.googlesyndication.com/bg/sU6CjPDj0xr2jbZF4y7IwEoRNSn0ddnQS8nRuvxnxiY.js line 2 > eval line 5876 > eval line 1 > eval line 1 > eval, line 1: WEBGL_debug_renderer_info is deprecated in Firefox and will be removed. Please use RENDERER.
JavaScript warning: https://pagead2.googlesyndication.com/bg/sU6CjPDj0xr2jbZF4y7IwEoRNSn0ddnQS8nRuvxnxiY.js line 2 > eval line 1547 > eval line 1 > eval line 1 > eval, line 1: WEBGL_debug_renderer_info is deprecated in Firefox and will be removed. Please use RENDERER.
JavaScript warning: https://pagead2.googlesyndication.com/bg/sU6CjPDj0xr2jbZF4y7IwEoRNSn0ddnQS8nRuvxnxiY.js line 2 > eval line 5182 > eval line 1 > eval line 1 > eval, line 1: WEBGL_debug_renderer_info is deprecated in Firefox and will be removed. Please use RENDERER.
JavaScript warning: https://pagead2.googlesyndication.com/bg/sU6CjPDj0xr2jbZF4y7IwEoRNSn0ddnQS8nRuvxnxiY.js line 2 > eval line 7524 > eval line 1 > eval line 1 > eval, line 1: WEBGL_debug_renderer_info is deprecated in Firefox and will be removed. Please use RENDERER.
JavaScript warning: https://pagead2.googlesyndication.com/bg/sU6CjPDj0xr2jbZF4y7IwEoRNSn0ddnQS8nRuvxnxiY.js line 2 > eval line 2100 > eval line 1 > eval line 1 > eval, line 1: WEBGL_debug_renderer_info is deprecated in Firefox and will be removed. Please use RENDERER.
JavaScript warning: https://pagead2.googlesyndication.com/bg/sU6CjPDj0xr2jbZF4y7IwEoRNSn0ddnQS8nRuvxnxiY.js line 2 > eval line 4199 > eval line 1 > eval line 1 > eval, line 1: WEBGL_debug_renderer_info is deprecated in Firefox and will be removed. Please use RENDERER.
1673754012651	Marionette	INFO	Stopped listening on port 58345
console.warn: TopSitesFeed: Failed to fetch data from Contile server: NetworkError when attempting to fetch resource.
JavaScript error: , line 0: TypeError: NetworkError when attempting to fetch resource.
JavaScript error: , line 0: TypeError: NetworkError when attempting to fetch resource.
JavaScript error: , line 0: TypeError: NetworkError when attempting to fetch resource.
JavaScript error: , line 0: TypeError: NetworkError when attempting to fetch resource.
JavaScript error: , line 0: TypeError: NetworkError when attempting to fetch resource.
JavaScript error: , line 0: TypeError: NetworkError when attempting to fetch resource.
JavaScript error: , line 0: TypeError: NetworkError when attempting to fetch resource.
JavaScript error: , line 0: TypeError: NetworkError when attempting to fetch resource.
[Parent 16596, IPC I/O Parent] WARNING: DuplicateHandle failed for handle 0 in TransferHandles: file /builds/worker/checkouts/gecko/ipc/chromium/src/chrome/common/ipc_channel_win.cc:746
1673754030179	geckodriver	INFO	Listening on 127.0.0.1:58684
1673754033252	mozrunner::runner	INFO	Running command: "C:\\Program Files\\Mozilla Firefox\\firefox.exe" "--marionette" "--remote-debugging-port" "58685" "--remote-allow-hosts" "localhost" "-no-remote" "-profile" "C:\\Users\\Vigne\\AppData\\Local\\Temp\\rust_mozprofilerUpZGT"
1673754033833	Marionette	INFO	Marionette enabled
1673754033843	Marionette	INFO	Listening on port 58700
Read port: 58700
WebDriver BiDi listening on ws://127.0.0.1:58685
1673754034100	RemoteAgent	WARN	TLS certificate errors will be ignored for this session
console.warn: SearchSettings: "get: No settings file exists, new profile?" (new NotFoundError("Could not open the file at C:\\Users\\Vigne\\AppData\\Local\\Temp\\rust_mozprofilerUpZGT\\search.json.mozlz4", (void 0)))
DevTools listening on ws://127.0.0.1:58685/devtools/browser/9a05acdb-7a15-4ebb-8068-2705653bcbd9
JavaScript warning: https://www.irctc.co.in/qN4jdo/c7tF/QNgXp/hcOw/881a35OQ/L5urXNmb3J/Hy9jbBo5DBA/aFZZFG/5KEkY, line 1: unreachable code after return statement
JavaScript warning: https://www.irctc.co.in/qN4jdo/c7tF/QNgXp/hcOw/881a35OQ/L5urXNmb3J/Hy9jbBo5DBA/aFZZFG/5KEkY, line 1: WEBGL_debug_renderer_info is deprecated in Firefox and will be removed. Please use RENDERER.
JavaScript warning: https://www.irctc.co.in/qN4jdo/c7tF/QNgXp/hcOw/881a35OQ/L5urXNmb3J/Hy9jbBo5DBA/aFZZFG/5KEkY, line 1: WEBGL_debug_renderer_info is deprecated in Firefox and will be removed. Please use RENDERER.
JavaScript error: https://pagead2.googlesyndication.com/pagead/js/adsbygoogle.js?client=ca-pub-9126873611544123, line 94: TagError: adsbygoogle.push() error: Warning: Do not add multiple property codes with AdSense tag to avoid seeing unexpected behavior. These codes were found on the page ca-pub-9620429535585055, ca-pub-8692878304946020
JavaScript error: https://pagead2.googlesyndication.com/pagead/js/adsbygoogle.js?client=ca-pub-8692878304946020, line 94: TagError: adsbygoogle.push() error: Warning: Do not add multiple property codes with AdSense tag to avoid seeing unexpected behavior. These codes were found on the page ca-pub-9126873611544123, ca-pub-8692878304946020
1673754043291	Marionette	WARN	Ignoring event 'pageshow' because document has an invalid readyState of 'uninitialized'.
JavaScript warning: https://pagead2.googlesyndication.com/bg/sU6CjPDj0xr2jbZF4y7IwEoRNSn0ddnQS8nRuvxnxiY.js line 2 > eval line 6266 > eval line 1 > eval line 1 > eval, line 1: WEBGL_debug_renderer_info is deprecated in Firefox and will be removed. Please use RENDERER.
JavaScript warning: https://pagead2.googlesyndication.com/bg/sU6CjPDj0xr2jbZF4y7IwEoRNSn0ddnQS8nRuvxnxiY.js line 2 > eval line 7100 > eval line 1 > eval line 1 > eval, line 1: WEBGL_debug_renderer_info is deprecated in Firefox and will be removed. Please use RENDERER.
JavaScript warning: https://pagead2.googlesyndication.com/bg/sU6CjPDj0xr2jbZF4y7IwEoRNSn0ddnQS8nRuvxnxiY.js line 2 > eval line 3982 > eval line 1 > eval line 1 > eval, line 1: WEBGL_debug_renderer_info is deprecated in Firefox and will be removed. Please use RENDERER.
1673754105794	geckodriver	INFO	Listening on 127.0.0.1:58959
1673754108864	mozrunner::runner	INFO	Running command: "C:\\Program Files\\Mozilla Firefox\\firefox.exe" "--marionette" "--remote-debugging-port" "58960" "--remote-allow-hosts" "localhost" "-no-remote" "-profile" "C:\\Users\\Vigne\\AppData\\Local\\Temp\\rust_mozprofile233Edy"
1673754109571	Marionette	INFO	Marionette enabled
1673754109581	Marionette	INFO	Listening on port 58977
Read port: 58977
WebDriver BiDi listening on ws://127.0.0.1:58960
1673754109886	RemoteAgent	WARN	TLS certificate errors will be ignored for this session
console.warn: SearchSettings: "get: No settings file exists, new profile?" (new NotFoundError("Could not open the file at C:\\Users\\Vigne\\AppData\\Local\\Temp\\rust_mozprofile233Edy\\search.json.mozlz4", (void 0)))
DevTools listening on ws://127.0.0.1:58960/devtools/browser/4ffdd930-dd7c-4a11-8d13-79eb10f98cc8
JavaScript warning: https://www.irctc.co.in/qN4jdo/c7tF/QNgXp/hcOw/881a35OQ/L5urXNmb3J/Hy9jbBo5DBA/aFZZFG/5KEkY, line 1: unreachable code after return statement
JavaScript warning: https://www.irctc.co.in/qN4jdo/c7tF/QNgXp/hcOw/881a35OQ/L5urXNmb3J/Hy9jbBo5DBA/aFZZFG/5KEkY, line 1: WEBGL_debug_renderer_info is deprecated in Firefox and will be removed. Please use RENDERER.
JavaScript warning: https://www.irctc.co.in/qN4jdo/c7tF/QNgXp/hcOw/881a35OQ/L5urXNmb3J/Hy9jbBo5DBA/aFZZFG/5KEkY, line 1: WEBGL_debug_renderer_info is deprecated in Firefox and will be removed. Please use RENDERER.
JavaScript error: https://pagead2.googlesyndication.com/pagead/js/adsbygoogle.js?client=ca-pub-9126873611544123, line 94: TagError: adsbygoogle.push() error: Warning: Do not add multiple property codes with AdSense tag to avoid seeing unexpected behavior. These codes were found on the page ca-pub-9620429535585055, ca-pub-8692878304946020
JavaScript error: https://pagead2.googlesyndication.com/pagead/js/adsbygoogle.js?client=ca-pub-9620429535585055, line 94: TagError: adsbygoogle.push() error: Warning: Do not add multiple property codes with AdSense tag to avoid seeing unexpected behavior. These codes were found on the page ca-pub-9126873611544123, ca-pub-8692878304946020
1673754119791	Marionette	WARN	Ignoring event 'pageshow' because document has an invalid readyState of 'uninitialized'.
JavaScript warning: https://pagead2.googlesyndication.com/bg/sU6CjPDj0xr2jbZF4y7IwEoRNSn0ddnQS8nRuvxnxiY.js line 2 > eval line 3047 > eval line 1 > eval line 1 > eval, line 1: WEBGL_debug_renderer_info is deprecated in Firefox and will be removed. Please use RENDERER.
JavaScript warning: https://pagead2.googlesyndication.com/bg/sU6CjPDj0xr2jbZF4y7IwEoRNSn0ddnQS8nRuvxnxiY.js line 2 > eval line 3523 > eval line 1 > eval line 1 > eval, line 1: WEBGL_debug_renderer_info is deprecated in Firefox and will be removed. Please use RENDERER.
JavaScript warning: https://pagead2.googlesyndication.com/bg/sU6CjPDj0xr2jbZF4y7IwEoRNSn0ddnQS8nRuvxnxiY.js line 2 > eval line 2742 > eval line 1 > eval line 1 > eval, line 1: WEBGL_debug_renderer_info is deprecated in Firefox and will be removed. Please use RENDERER.
JavaScript warning: https://pagead2.googlesyndication.com/bg/sU6CjPDj0xr2jbZF4y7IwEoRNSn0ddnQS8nRuvxnxiY.js line 2 > eval line 3644 > eval line 1 > eval line 1 > eval, line 1: WEBGL_debug_renderer_info is deprecated in Firefox and will be removed. Please use RENDERER.
1673754461705	geckodriver	INFO	Listening on 127.0.0.1:59749
1673754464756	mozrunner::runner	INFO	Running command: "C:\\Program Files\\Mozilla Firefox\\firefox.exe" "--marionette" "--remote-debugging-port" "59750" "--remote-allow-hosts" "localhost" "-no-remote" "-profile" "C:\\Users\\Vigne\\AppData\\Local\\Temp\\rust_mozprofile1BO6Lq"
1673754465417	Marionette	INFO	Marionette enabled
1673754465425	Marionette	INFO	Listening on port 59765
Read port: 59765
WebDriver BiDi listening on ws://127.0.0.1:59750
1673754465737	RemoteAgent	WARN	TLS certificate errors will be ignored for this session
console.warn: SearchSettings: "get: No settings file exists, new profile?" (new NotFoundError("Could not open the file at C:\\Users\\Vigne\\AppData\\Local\\Temp\\rust_mozprofile1BO6Lq\\search.json.mozlz4", (void 0)))
DevTools listening on ws://127.0.0.1:59750/devtools/browser/edcfcf9f-d0f7-4f25-aa47-10ae25f66ff7
JavaScript warning: https://i4.sdlcdn.com/js/1639746993560/snap/base.jquery111.min.js, line 25: unreachable code after return statement
JavaScript error: https://i4.sdlcdn.com/js/1639746993560/snap/base.jquery111.min.js, line 53: TypeError: a is undefined
JavaScript warning: https://i1.sdlcdn.com/js/1639746993560/snapdeal/loginIframe.min.js, line 67: unreachable code after return statement
JavaScript warning: https://i4.sdlcdn.com/js/1639746993560/snap/base.jquery111.min.js, line 25: unreachable code after return statement
JavaScript error: https://assets-money.dailyhunt.in/dht.min.js, line 2: InvalidCharacterError: String contains an invalid character
JavaScript error: https://assets-money.dailyhunt.in/dht.min.js, line 2: InvalidCharacterError: String contains an invalid character
console.warn: LoginRecipes: "Falling back to a synchronous message for: https://www.snapdeal.com."
JavaScript warning: https://i1.sdlcdn.com/js/1639746993560/snapdeal/loginIframe.min.js, line 67: unreachable code after return statement
JavaScript warning: https://pagead2.googlesyndication.com/bg/sU6CjPDj0xr2jbZF4y7IwEoRNSn0ddnQS8nRuvxnxiY.js line 2 > eval line 2410 > eval line 1 > eval line 1 > eval, line 1: WEBGL_debug_renderer_info is deprecated in Firefox and will be removed. Please use RENDERER.
1673754716088	geckodriver	INFO	Listening on 127.0.0.1:60068
1673754719165	mozrunner::runner	INFO	Running command: "C:\\Program Files\\Mozilla Firefox\\firefox.exe" "--marionette" "--remote-debugging-port" "60069" "--remote-allow-hosts" "localhost" "-no-remote" "-profile" "C:\\Users\\Vigne\\AppData\\Local\\Temp\\rust_mozprofilec5ZY4n"
1673754719791	Marionette	INFO	Marionette enabled
1673754719799	Marionette	INFO	Listening on port 60084
Read port: 60084
WebDriver BiDi listening on ws://127.0.0.1:60069
1673754720056	RemoteAgent	WARN	TLS certificate errors will be ignored for this session
console.warn: SearchSettings: "get: No settings file exists, new profile?" (new NotFoundError("Could not open the file at C:\\Users\\Vigne\\AppData\\Local\\Temp\\rust_mozprofilec5ZY4n\\search.json.mozlz4", (void 0)))
DevTools listening on ws://127.0.0.1:60069/devtools/browser/91f5b3e6-afb2-4e43-b5c9-d074a1187ecd
JavaScript warning: https://i4.sdlcdn.com/js/1639746993560/snap/base.jquery111.min.js, line 25: unreachable code after return statement
JavaScript error: https://i4.sdlcdn.com/js/1639746993560/snap/base.jquery111.min.js, line 53: TypeError: a is undefined
JavaScript warning: https://i1.sdlcdn.com/js/1639746993560/snapdeal/loginIframe.min.js, line 67: unreachable code after return statement
JavaScript error: resource://gre/modules/LoginManagerChild.jsm, line 116: NS_ERROR_XPC_BAD_CONVERT_NATIVE: Could not convert Native argument arg 0 [nsIWebProgress.DOMWindow]
1673754786552	geckodriver	INFO	Listening on 127.0.0.1:60308
1673754789613	mozrunner::runner	INFO	Running command: "C:\\Program Files\\Mozilla Firefox\\firefox.exe" "--marionette" "--remote-debugging-port" "60309" "--remote-allow-hosts" "localhost" "-no-remote" "-profile" "C:\\Users\\Vigne\\AppData\\Local\\Temp\\rust_mozprofileHGEf8M"
1673754790038	Marionette	INFO	Marionette enabled
1673754790044	Marionette	INFO	Listening on port 60322
Read port: 60322
WebDriver BiDi listening on ws://127.0.0.1:60309
1673754790254	RemoteAgent	WARN	TLS certificate errors will be ignored for this session
console.warn: SearchSettings: "get: No settings file exists, new profile?" (new NotFoundError("Could not open the file at C:\\Users\\Vigne\\AppData\\Local\\Temp\\rust_mozprofileHGEf8M\\search.json.mozlz4", (void 0)))
DevTools listening on ws://127.0.0.1:60309/devtools/browser/71901f0a-c436-4abd-9321-b8fd3bfa20bf
JavaScript warning: https://i4.sdlcdn.com/js/1639746993560/snap/base.jquery111.min.js, line 25: unreachable code after return statement
JavaScript error: https://i4.sdlcdn.com/js/1639746993560/snap/base.jquery111.min.js, line 53: TypeError: a is undefined
JavaScript warning: https://i1.sdlcdn.com/js/1639746993560/snapdeal/loginIframe.min.js, line 67: unreachable code after return statement
console.warn: LoginRecipes: "Falling back to a synchronous message for: https://www.snapdeal.com."
JavaScript warning: https://i4.sdlcdn.com/js/1639746993560/snap/base.jquery111.min.js, line 25: unreachable code after return statement
JavaScript error: https://assets-money.dailyhunt.in/dht.min.js, line 2: InvalidCharacterError: String contains an invalid character
JavaScript error: https://assets-money.dailyhunt.in/dht.min.js, line 2: InvalidCharacterError: String contains an invalid character
console.warn: LoginRecipes: "Falling back to a synchronous message for: https://www.snapdeal.com."
JavaScript warning: https://i1.sdlcdn.com/js/1639746993560/snapdeal/loginIframe.min.js, line 67: unreachable code after return statement
JavaScript warning: https://pagead2.googlesyndication.com/bg/sU6CjPDj0xr2jbZF4y7IwEoRNSn0ddnQS8nRuvxnxiY.js line 2 > eval line 1995 > eval line 1 > eval line 1 > eval, line 1: WEBGL_debug_renderer_info is deprecated in Firefox and will be removed. Please use RENDERER.
1673755040722	geckodriver	INFO	Listening on 127.0.0.1:60805
1673755043801	mozrunner::runner	INFO	Running command: "C:\\Program Files\\Mozilla Firefox\\firefox.exe" "--marionette" "--remote-debugging-port" "60806" "--remote-allow-hosts" "localhost" "-no-remote" "-profile" "C:\\Users\\Vigne\\AppData\\Local\\Temp\\rust_mozprofileq4FI5D"
1673755044198	Marionette	INFO	Marionette enabled
1673755044203	Marionette	INFO	Listening on port 60819
Read port: 60819
WebDriver BiDi listening on ws://127.0.0.1:60806
1673755044404	RemoteAgent	WARN	TLS certificate errors will be ignored for this session
console.warn: SearchSettings: "get: No settings file exists, new profile?" (new NotFoundError("Could not open the file at C:\\Users\\Vigne\\AppData\\Local\\Temp\\rust_mozprofileq4FI5D\\search.json.mozlz4", (void 0)))
DevTools listening on ws://127.0.0.1:60806/devtools/browser/af95896a-abcd-4e49-ac38-2d95bbfa07ad
JavaScript error: https://pagead2.googlesyndication.com/pagead/js/adsbygoogle.js?x17970, line 94: TagError: adsbygoogle.push() error: No slot size for availableWidth=0
JavaScript warning: https://pagead2.googlesyndication.com/bg/sU6CjPDj0xr2jbZF4y7IwEoRNSn0ddnQS8nRuvxnxiY.js line 2 > eval line 6156 > eval line 1 > eval line 1 > eval, line 1: WEBGL_debug_renderer_info is deprecated in Firefox and will be removed. Please use RENDERER.
1673755129396	geckodriver	INFO	Listening on 127.0.0.1:61050
1673755132469	mozrunner::runner	INFO	Running command: "C:\\Program Files\\Mozilla Firefox\\firefox.exe" "--marionette" "--remote-debugging-port" "61051" "--remote-allow-hosts" "localhost" "-no-remote" "-profile" "C:\\Users\\Vigne\\AppData\\Local\\Temp\\rust_mozprofile1Z7RcS"
1673755132886	Marionette	INFO	Marionette enabled
1673755132892	Marionette	INFO	Listening on port 61064
Read port: 61064
WebDriver BiDi listening on ws://127.0.0.1:61051
1673755133083	RemoteAgent	WARN	TLS certificate errors will be ignored for this session
console.warn: SearchSettings: "get: No settings file exists, new profile?" (new NotFoundError("Could not open the file at C:\\Users\\Vigne\\AppData\\Local\\Temp\\rust_mozprofile1Z7RcS\\search.json.mozlz4", (void 0)))
DevTools listening on ws://127.0.0.1:61051/devtools/browser/7087a9c5-eba2-4b5a-9297-3bb27f7fecf4
JavaScript error: https://pagead2.googlesyndication.com/pagead/js/adsbygoogle.js?x17970, line 94: TagError: adsbygoogle.push() error: No slot size for availableWidth=0
JavaScript warning: https://pagead2.googlesyndication.com/bg/sU6CjPDj0xr2jbZF4y7IwEoRNSn0ddnQS8nRuvxnxiY.js line 2 > eval line 5257 > eval line 1 > eval line 1 > eval, line 1: WEBGL_debug_renderer_info is deprecated in Firefox and will be removed. Please use RENDERER.
JavaScript error: resource://devtools/server/actors/utils/sources-manager.js, line 432: TypeError: channel is null
1673755267141	geckodriver	INFO	Listening on 127.0.0.1:60774
1673755270216	mozrunner::runner	INFO	Running command: "C:\\Program Files\\Mozilla Firefox\\firefox.exe" "--marionette" "--remote-debugging-port" "60775" "--remote-allow-hosts" "localhost" "-no-remote" "-profile" "C:\\Users\\Vigne\\AppData\\Local\\Temp\\rust_mozprofileyaIYCX"
1673755270647	Marionette	INFO	Marionette enabled
1673755270655	Marionette	INFO	Listening on port 60790
Read port: 60790
WebDriver BiDi listening on ws://127.0.0.1:60775
1673755270860	RemoteAgent	WARN	TLS certificate errors will be ignored for this session
console.warn: SearchSettings: "get: No settings file exists, new profile?" (new NotFoundError("Could not open the file at C:\\Users\\Vigne\\AppData\\Local\\Temp\\rust_mozprofileyaIYCX\\search.json.mozlz4", (void 0)))
DevTools listening on ws://127.0.0.1:60775/devtools/browser/77c998b8-ac44-4404-978b-e76c2593b595
JavaScript error: https://pagead2.googlesyndication.com/pagead/js/adsbygoogle.js?x17970, line 94: TagError: adsbygoogle.push() error: No slot size for availableWidth=0
JavaScript warning: https://pagead2.googlesyndication.com/bg/sU6CjPDj0xr2jbZF4y7IwEoRNSn0ddnQS8nRuvxnxiY.js line 2 > eval line 6372 > eval line 1 > eval line 1 > eval, line 1: WEBGL_debug_renderer_info is deprecated in Firefox and will be removed. Please use RENDERER.
1673755380766	geckodriver	INFO	Listening on 127.0.0.1:61012
1673755383849	mozrunner::runner	INFO	Running command: "C:\\Program Files\\Mozilla Firefox\\firefox.exe" "--marionette" "--remote-debugging-port" "61013" "--remote-allow-hosts" "localhost" "-no-remote" "-profile" "C:\\Users\\Vigne\\AppData\\Local\\Temp\\rust_mozprofilebSKd5a"
1673755384294	Marionette	INFO	Marionette enabled
1673755384299	Marionette	INFO	Listening on port 61028
Read port: 61028
WebDriver BiDi listening on ws://127.0.0.1:61013
1673755384484	RemoteAgent	WARN	TLS certificate errors will be ignored for this session
console.warn: SearchSettings: "get: No settings file exists, new profile?" (new NotFoundError("Could not open the file at C:\\Users\\Vigne\\AppData\\Local\\Temp\\rust_mozprofilebSKd5a\\search.json.mozlz4", (void 0)))
DevTools listening on ws://127.0.0.1:61013/devtools/browser/bf30fcf5-eae2-4f18-8b8e-2629ea628188
JavaScript error: https://pagead2.googlesyndication.com/pagead/js/adsbygoogle.js?x17970, line 94: TagError: adsbygoogle.push() error: No slot size for availableWidth=0
JavaScript warning: https://pagead2.googlesyndication.com/bg/sU6CjPDj0xr2jbZF4y7IwEoRNSn0ddnQS8nRuvxnxiY.js line 2 > eval line 5834 > eval line 1 > eval line 1 > eval, line 1: WEBGL_debug_renderer_info is deprecated in Firefox and will be removed. Please use RENDERER.
1673755412198	geckodriver	INFO	Listening on 127.0.0.1:61205
1673755415247	mozrunner::runner	INFO	Running command: "C:\\Program Files\\Mozilla Firefox\\firefox.exe" "--marionette" "--remote-debugging-port" "61206" "--remote-allow-hosts" "localhost" "-no-remote" "-profile" "C:\\Users\\Vigne\\AppData\\Local\\Temp\\rust_mozprofileqKo8xh"
1673755415665	Marionette	INFO	Marionette enabled
1673755415672	Marionette	INFO	Listening on port 61219
Read port: 61219
WebDriver BiDi listening on ws://127.0.0.1:61206
1673755415869	RemoteAgent	WARN	TLS certificate errors will be ignored for this session
console.warn: SearchSettings: "get: No settings file exists, new profile?" (new NotFoundError("Could not open the file at C:\\Users\\Vigne\\AppData\\Local\\Temp\\rust_mozprofileqKo8xh\\search.json.mozlz4", (void 0)))
DevTools listening on ws://127.0.0.1:61206/devtools/browser/2c8143aa-b38e-4135-be14-f6a93b24d0f5
JavaScript error: https://pagead2.googlesyndication.com/pagead/js/adsbygoogle.js?x17970, line 94: TagError: adsbygoogle.push() error: No slot size for availableWidth=0
JavaScript warning: https://pagead2.googlesyndication.com/bg/sU6CjPDj0xr2jbZF4y7IwEoRNSn0ddnQS8nRuvxnxiY.js line 2 > eval line 4276 > eval line 1 > eval line 1 > eval, line 1: WEBGL_debug_renderer_info is deprecated in Firefox and will be removed. Please use RENDERER.
1673755564878	geckodriver	INFO	Listening on 127.0.0.1:61562
1673755567930	mozrunner::runner	INFO	Running command: "C:\\Program Files\\Mozilla Firefox\\firefox.exe" "--marionette" "--remote-debugging-port" "61563" "--remote-allow-hosts" "localhost" "-no-remote" "-profile" "C:\\Users\\Vigne\\AppData\\Local\\Temp\\rust_mozprofileKpDyxN"
1673755568355	Marionette	INFO	Marionette enabled
1673755568361	Marionette	INFO	Listening on port 61575
Read port: 61575
WebDriver BiDi listening on ws://127.0.0.1:61563
1673755568570	RemoteAgent	WARN	TLS certificate errors will be ignored for this session
console.warn: SearchSettings: "get: No settings file exists, new profile?" (new NotFoundError("Could not open the file at C:\\Users\\Vigne\\AppData\\Local\\Temp\\rust_mozprofileKpDyxN\\search.json.mozlz4", (void 0)))
DevTools listening on ws://127.0.0.1:61563/devtools/browser/e1063a6c-636c-46dd-be49-ece5616273e7
JavaScript warning: https://i4.sdlcdn.com/js/1639746993560/snap/base.jquery111.min.js, line 25: unreachable code after return statement
JavaScript error: https://i4.sdlcdn.com/js/1639746993560/snap/base.jquery111.min.js, line 53: TypeError: a is undefined
JavaScript warning: https://i1.sdlcdn.com/js/1639746993560/snapdeal/loginIframe.min.js, line 67: unreachable code after return statement
JavaScript error: resource://gre/modules/LoginManagerChild.jsm, line 116: NS_ERROR_XPC_BAD_CONVERT_NATIVE: Could not convert Native argument arg 0 [nsIWebProgress.DOMWindow]
1673755681099	geckodriver	INFO	Listening on 127.0.0.1:61841
1673755684155	mozrunner::runner	INFO	Running command: "C:\\Program Files\\Mozilla Firefox\\firefox.exe" "--marionette" "--remote-debugging-port" "61842" "--remote-allow-hosts" "localhost" "-no-remote" "-profile" "C:\\Users\\Vigne\\AppData\\Local\\Temp\\rust_mozprofilelQ2uDJ"
1673755684626	Marionette	INFO	Marionette enabled
1673755684633	Marionette	INFO	Listening on port 61857
Read port: 61857
WebDriver BiDi listening on ws://127.0.0.1:61842
1673755684843	RemoteAgent	WARN	TLS certificate errors will be ignored for this session
console.warn: SearchSettings: "get: No settings file exists, new profile?" (new NotFoundError("Could not open the file at C:\\Users\\Vigne\\AppData\\Local\\Temp\\rust_mozprofilelQ2uDJ\\search.json.mozlz4", (void 0)))
DevTools listening on ws://127.0.0.1:61842/devtools/browser/76aa3dca-2c32-4d55-9141-f0a374ebd8c6
JavaScript warning: https://i4.sdlcdn.com/js/1639746993560/snap/base.jquery111.min.js, line 25: unreachable code after return statement
JavaScript error: https://i4.sdlcdn.com/js/1639746993560/snap/base.jquery111.min.js, line 53: TypeError: a is undefined
JavaScript warning: https://i1.sdlcdn.com/js/1639746993560/snapdeal/loginIframe.min.js, line 67: unreachable code after return statement
1673755723303	geckodriver	INFO	Listening on 127.0.0.1:62012
1673755726373	mozrunner::runner	INFO	Running command: "C:\\Program Files\\Mozilla Firefox\\firefox.exe" "--marionette" "--remote-debugging-port" "62013" "--remote-allow-hosts" "localhost" "-no-remote" "-profile" "C:\\Users\\Vigne\\AppData\\Local\\Temp\\rust_mozprofile3DyKLQ"
1673755726799	Marionette	INFO	Marionette enabled
1673755726806	Marionette	INFO	Listening on port 62026
Read port: 62026
WebDriver BiDi listening on ws://127.0.0.1:62013
1673755727016	RemoteAgent	WARN	TLS certificate errors will be ignored for this session
console.warn: SearchSettings: "get: No settings file exists, new profile?" (new NotFoundError("Could not open the file at C:\\Users\\Vigne\\AppData\\Local\\Temp\\rust_mozprofile3DyKLQ\\search.json.mozlz4", (void 0)))
DevTools listening on ws://127.0.0.1:62013/devtools/browser/46cada3a-b1b2-45ce-979d-2829cc77f2b9
JavaScript warning: https://i4.sdlcdn.com/js/1639746993560/snap/base.jquery111.min.js, line 25: unreachable code after return statement
JavaScript error: https://i4.sdlcdn.com/js/1639746993560/snap/base.jquery111.min.js, line 53: TypeError: a is undefined
JavaScript warning: https://i4.sdlcdn.com/js/1639746993560/snap/base.jquery111.min.js, line 25: unreachable code after return statement
JavaScript error: https://assets-money.dailyhunt.in/dht.min.js, line 2: InvalidCharacterError: String contains an invalid character
JavaScript error: https://assets-money.dailyhunt.in/dht.min.js, line 2: InvalidCharacterError: String contains an invalid character
JavaScript warning: https://i1.sdlcdn.com/js/1639746993560/snapdeal/loginIframe.min.js, line 67: unreachable code after return statement
JavaScript warning: https://pagead2.googlesyndication.com/bg/sU6CjPDj0xr2jbZF4y7IwEoRNSn0ddnQS8nRuvxnxiY.js line 2 > eval line 2019 > eval line 1 > eval line 1 > eval, line 1: WEBGL_debug_renderer_info is deprecated in Firefox and will be removed. Please use RENDERER.
SourceActor threw an exception: [Exception... "Component returned failure code: 0x80470002 (NS_BASE_STREAM_CLOSED) [nsIInputStream.available]"  nsresult: "0x80470002 (NS_BASE_STREAM_CLOSED)"  location: "JS frame :: resource://devtools/shared/DevToolsUtils.js :: onResponse :: line 568"  data: no]
Stack: onResponse@resource://devtools/shared/DevToolsUtils.js:568:34
onStopRequest@resource://gre/modules/NetUtil.jsm:126:18
Line: 568, column: 0
console.error: ({})
JavaScript error: resource://devtools/shared/DevToolsUtils.js, line 568: NS_BASE_STREAM_CLOSED: Component returned failure code: 0x80470002 (NS_BASE_STREAM_CLOSED) [nsIInputStream.available]
1673755832264	geckodriver	INFO	Listening on 127.0.0.1:62327
1673755835339	mozrunner::runner	INFO	Running command: "C:\\Program Files\\Mozilla Firefox\\firefox.exe" "--marionette" "--remote-debugging-port" "62328" "--remote-allow-hosts" "localhost" "-no-remote" "-profile" "C:\\Users\\Vigne\\AppData\\Local\\Temp\\rust_mozprofileIix0Eo"
1673755835892	Marionette	INFO	Marionette enabled
1673755835900	Marionette	INFO	Listening on port 62345
Read port: 62345
WebDriver BiDi listening on ws://127.0.0.1:62328
1673755836129	RemoteAgent	WARN	TLS certificate errors will be ignored for this session
console.warn: SearchSettings: "get: No settings file exists, new profile?" (new NotFoundError("Could not open the file at C:\\Users\\Vigne\\AppData\\Local\\Temp\\rust_mozprofileIix0Eo\\search.json.mozlz4", (void 0)))
DevTools listening on ws://127.0.0.1:62328/devtools/browser/48d94f66-5bad-495f-945c-4cf52d61ea3c
JavaScript warning: https://i4.sdlcdn.com/js/1639746993560/snap/base.jquery111.min.js, line 25: unreachable code after return statement
JavaScript error: https://i4.sdlcdn.com/js/1639746993560/snap/base.jquery111.min.js, line 53: TypeError: a is undefined
JavaScript warning: https://i4.sdlcdn.com/js/1639746993560/snap/base.jquery111.min.js, line 25: unreachable code after return statement
JavaScript error: https://assets-money.dailyhunt.in/dht.min.js, line 2: InvalidCharacterError: String contains an invalid character
JavaScript error: https://assets-money.dailyhunt.in/dht.min.js, line 2: InvalidCharacterError: String contains an invalid character
JavaScript warning: https://i1.sdlcdn.com/js/1639746993560/snapdeal/loginIframe.min.js, line 67: unreachable code after return statement
JavaScript warning: https://pagead2.googlesyndication.com/bg/sU6CjPDj0xr2jbZF4y7IwEoRNSn0ddnQS8nRuvxnxiY.js line 2 > eval line 4276 > eval line 1 > eval line 1 > eval, line 1: WEBGL_debug_renderer_info is deprecated in Firefox and will be removed. Please use RENDERER.
JavaScript error: resource://gre/modules/LoginManagerChild.jsm, line 116: NS_ERROR_XPC_BAD_CONVERT_NATIVE: Could not convert Native argument arg 0 [nsIWebProgress.DOMWindow]
console.warn: LoginRecipes: "Falling back to a synchronous message for: https://www.snapdeal.com."
SourceActor threw an exception: [Exception... "Component returned failure code: 0x80470002 (NS_BASE_STREAM_CLOSED) [nsIInputStream.available]"  nsresult: "0x80470002 (NS_BASE_STREAM_CLOSED)"  location: "JS frame :: resource://devtools/shared/DevToolsUtils.js :: onResponse :: line 568"  data: no]
Stack: onResponse@resource://devtools/shared/DevToolsUtils.js:568:34
onStopRequest@resource://gre/modules/NetUtil.jsm:126:18
Line: 568, column: 0
console.error: ({})
JavaScript error: resource://devtools/shared/DevToolsUtils.js, line 568: NS_BASE_STREAM_CLOSED: Component returned failure code: 0x80470002 (NS_BASE_STREAM_CLOSED) [nsIInputStream.available]
1673755889891	geckodriver	INFO	Listening on 127.0.0.1:62564
1673755892958	mozrunner::runner	INFO	Running command: "C:\\Program Files\\Mozilla Firefox\\firefox.exe" "--marionette" "--remote-debugging-port" "62565" "--remote-allow-hosts" "localhost" "-no-remote" "-profile" "C:\\Users\\Vigne\\AppData\\Local\\Temp\\rust_mozprofileEW0tPa"
1673755893399	Marionette	INFO	Marionette enabled
1673755893405	Marionette	INFO	Listening on port 62581
Read port: 62581
WebDriver BiDi listening on ws://127.0.0.1:62565
1673755893617	RemoteAgent	WARN	TLS certificate errors will be ignored for this session
console.warn: SearchSettings: "get: No settings file exists, new profile?" (new NotFoundError("Could not open the file at C:\\Users\\Vigne\\AppData\\Local\\Temp\\rust_mozprofileEW0tPa\\search.json.mozlz4", (void 0)))
DevTools listening on ws://127.0.0.1:62565/devtools/browser/70c9c485-6c7b-4e42-93f5-6a67ef87245b
JavaScript warning: https://i4.sdlcdn.com/js/1639746993560/snap/base.jquery111.min.js, line 25: unreachable code after return statement
JavaScript error: https://i4.sdlcdn.com/js/1639746993560/snap/base.jquery111.min.js, line 53: TypeError: a is undefined
JavaScript warning: https://i4.sdlcdn.com/js/1639746993560/snap/base.jquery111.min.js, line 25: unreachable code after return statement
JavaScript error: https://assets-money.dailyhunt.in/dht.min.js, line 2: InvalidCharacterError: String contains an invalid character
JavaScript error: https://assets-money.dailyhunt.in/dht.min.js, line 2: InvalidCharacterError: String contains an invalid character
JavaScript warning: https://i1.sdlcdn.com/js/1639746993560/snapdeal/loginIframe.min.js, line 67: unreachable code after return statement
JavaScript warning: https://pagead2.googlesyndication.com/bg/sU6CjPDj0xr2jbZF4y7IwEoRNSn0ddnQS8nRuvxnxiY.js line 2 > eval line 4167 > eval line 1 > eval line 1 > eval, line 1: WEBGL_debug_renderer_info is deprecated in Firefox and will be removed. Please use RENDERER.
JavaScript error: resource://gre/modules/LoginManagerChild.jsm, line 116: NS_ERROR_XPC_BAD_CONVERT_NATIVE: Could not convert Native argument arg 0 [nsIWebProgress.DOMWindow]
1673756042486	geckodriver	INFO	Listening on 127.0.0.1:62899
1673756045562	mozrunner::runner	INFO	Running command: "C:\\Program Files\\Mozilla Firefox\\firefox.exe" "--marionette" "--remote-debugging-port" "62900" "--remote-allow-hosts" "localhost" "-no-remote" "-profile" "C:\\Users\\Vigne\\AppData\\Local\\Temp\\rust_mozprofileJK1wZ4"
1673756046158	Marionette	INFO	Marionette enabled
1673756046167	Marionette	INFO	Listening on port 62915
Read port: 62915
WebDriver BiDi listening on ws://127.0.0.1:62900
1673756046469	RemoteAgent	WARN	TLS certificate errors will be ignored for this session
console.warn: SearchSettings: "get: No settings file exists, new profile?" (new NotFoundError("Could not open the file at C:\\Users\\Vigne\\AppData\\Local\\Temp\\rust_mozprofileJK1wZ4\\search.json.mozlz4", (void 0)))
DevTools listening on ws://127.0.0.1:62900/devtools/browser/3d4b1dc9-0080-4bcf-8ee8-c374a07a1383
JavaScript error: https://pagead2.googlesyndication.com/pagead/js/adsbygoogle.js?x17970, line 94: TagError: adsbygoogle.push() error: No slot size for availableWidth=0
JavaScript warning: https://pagead2.googlesyndication.com/bg/sU6CjPDj0xr2jbZF4y7IwEoRNSn0ddnQS8nRuvxnxiY.js line 2 > eval line 5725 > eval line 1 > eval line 1 > eval, line 1: WEBGL_debug_renderer_info is deprecated in Firefox and will be removed. Please use RENDERER.
1673756713952	geckodriver	INFO	Listening on 127.0.0.1:49688
1673756717042	mozrunner::runner	INFO	Running command: "C:\\Program Files\\Mozilla Firefox\\firefox.exe" "--marionette" "--remote-debugging-port" "49689" "--remote-allow-hosts" "localhost" "-no-remote" "-profile" "C:\\Users\\Vigne\\AppData\\Local\\Temp\\rust_mozprofiletVMrhc"
1673756717689	Marionette	INFO	Marionette enabled
1673756717698	Marionette	INFO	Listening on port 49706
Read port: 49706
WebDriver BiDi listening on ws://127.0.0.1:49689
1673756717994	RemoteAgent	WARN	TLS certificate errors will be ignored for this session
console.warn: SearchSettings: "get: No settings file exists, new profile?" (new NotFoundError("Could not open the file at C:\\Users\\Vigne\\AppData\\Local\\Temp\\rust_mozprofiletVMrhc\\search.json.mozlz4", (void 0)))
DevTools listening on ws://127.0.0.1:49689/devtools/browser/d0344b4d-98b1-4e82-81ee-e9ba70cdd29b
console.warn: LoginRecipes: "Falling back to a synchronous message for: https://admin-demo.nopcommerce.com."
console.warn: LoginRecipes: "Falling back to a synchronous message for: https://admin-demo.nopcommerce.com."
1673756727106	Marionette	WARN	TimedPromise timed out after 500 ms: stacktrace:
TimedPromise/<@chrome://remote/content/marionette/sync.sys.mjs:219:24
TimedPromise@chrome://remote/content/marionette/sync.sys.mjs:204:10
interaction.flushEventLoop@chrome://remote/content/marionette/interaction.sys.mjs:425:10
webdriverClickElement@chrome://remote/content/marionette/interaction.sys.mjs:173:31
1673756987632	geckodriver	INFO	Listening on 127.0.0.1:50163
1673756990683	mozrunner::runner	INFO	Running command: "C:\\Program Files\\Mozilla Firefox\\firefox.exe" "--marionette" "--remote-debugging-port" "50164" "--remote-allow-hosts" "localhost" "-no-remote" "-profile" "C:\\Users\\Vigne\\AppData\\Local\\Temp\\rust_mozprofileAuJUEo"
1673756991312	Marionette	INFO	Marionette enabled
1673756991322	Marionette	INFO	Listening on port 50177
Read port: 50177
WebDriver BiDi listening on ws://127.0.0.1:50164
1673756991570	RemoteAgent	WARN	TLS certificate errors will be ignored for this session
console.warn: SearchSettings: "get: No settings file exists, new profile?" (new NotFoundError("Could not open the file at C:\\Users\\Vigne\\AppData\\Local\\Temp\\rust_mozprofileAuJUEo\\search.json.mozlz4", (void 0)))
DevTools listening on ws://127.0.0.1:50164/devtools/browser/da73a869-ef52-406d-80dd-ca3b715bafc4
console.warn: LoginRecipes: "Falling back to a synchronous message for: https://admin-demo.nopcommerce.com."
console.warn: LoginRecipes: "Falling back to a synchronous message for: https://admin-demo.nopcommerce.com."
1673757000750	Marionette	WARN	TimedPromise timed out after 500 ms: stacktrace:
TimedPromise/<@chrome://remote/content/marionette/sync.sys.mjs:219:24
TimedPromise@chrome://remote/content/marionette/sync.sys.mjs:204:10
interaction.flushEventLoop@chrome://remote/content/marionette/interaction.sys.mjs:425:10
webdriverClickElement@chrome://remote/content/marionette/interaction.sys.mjs:173:31
