1673664766961	geckodriver	INFO	Listening on 127.0.0.1:56014
1673664770049	mozrunner::runner	INFO	Running command: "C:\\Program Files\\Mozilla Firefox\\firefox.exe" "--marionette" "--remote-debugging-port" "56015" "--remote-allow-hosts" "localhost" "-no-remote" "-profile" "C:\\Users\\Vigne\\AppData\\Local\\Temp\\rust_mozprofileqHEw0U"
1673664770556	Marionette	INFO	Marionette enabled
1673664770564	Marionette	INFO	Listening on port 56029
Read port: 56029
WebDriver BiDi listening on ws://127.0.0.1:56015
1673664770795	RemoteAgent	WARN	TLS certificate errors will be ignored for this session
console.warn: SearchSettings: "get: No settings file exists, new profile?" (new NotFoundError("Could not open the file at C:\\Users\\Vigne\\AppData\\Local\\Temp\\rust_mozprofileqHEw0U\\search.json.mozlz4", (void 0)))
DevTools listening on ws://127.0.0.1:56015/devtools/browser/993c4959-4b2f-4c3d-9ed8-aa802486b911
console.warn: LoginRecipes: "Falling back to a synchronous message for: https://admin-demo.nopcommerce.com."
JavaScript error: , line 0: NS_ERROR_NOT_AVAILABLE
1:56830
1673665273238	mozrunner::runner	INFO	Running command: "C:\\Program Files\\Mozilla Firefox\\firefox.exe" "--marionette" "--remote-debugging-port" "56831" "--remote-allow-hosts" "localhost" "-no-remote" "-profile" "C:\\Users\\Vigne\\AppData\\Local\\Temp\\rust_mozprofileYpPMIO"
1673665273663	Marionette	INFO	Marionette enabled
1673665273669	Marionette	INFO	Listening on port 56844
Read port: 56844
WebDriver BiDi listening on ws://127.0.0.1:56831
1673665273866	RemoteAgent	WARN	TLS certificate errors will be ignored for this session
console.warn: SearchSettings: "get: No settings file exists, new profile?" (new NotFoundError("Could not open the file at C:\\Users\\Vigne\\AppData\\Local\\Temp\\rust_mozprofileYpPMIO\\search.json.mozlz4", (void 0)))
DevTools listening on ws://127.0.0.1:56831/devtools/browser/59605ce8-4f88-4724-8d2b-2b06fd5df167
console.error: Region.sys.mjs: "Error fetching region" (new Error("TIMEOUT", "resource://gre/modules/Region.sys.mjs", 764))
console.error: Region.sys.mjs: "Failed to fetch region" (new Error("TIMEOUT", "resource://gre/modules/Region.sys.mjs", 416))
console.warn: LoginRecipes: "Falling back to a synchronous message for: https://admin-demo.nopcommerce.com."
console.warn: LoginRecipes: "Falling back to a synchronous message for: https://admin-demo.nopcommerce.com."
console.error: services.settings: 
  blocklists/addons-bloomfilters Signature failed  TypeError: NetworkError: Network request failed
console.error: services.settings: 
  Message: NetworkError: Network error: TypeError: NetworkError: Network request failed
  Stack:
    APIError@resource://services-settings/RemoteSettingsClient.jsm:116:1
NetworkError@resource://services-settings/RemoteSettingsClient.jsm:120:5
_adjustedError@resource://services-settings/RemoteSettingsClient.jsm:878:14
maybeSync@resource://services-settings/RemoteSettingsClient.jsm:783:38

ignored for this session
console.warn: SearchSettings: "get: No settings file exists, new profile?" (new NotFoundError("Could not open the file at C:\\Users\\Vigne\\AppData\\Local\\Temp\\rust_mozprofileKZPrRG\\search.json.mozlz4", (void 0)))
DevTools listening on ws://127.0.0.1:56986/devtools/browser/d451c910-730d-452b-8efa-aad60212eb5a
console.error: Region.sys.mjs: "Error fetching region" (new Error("TIMEOUT", "resource://gre/modules/Region.sys.mjs", 764))
console.error: Region.sys.mjs: "Failed to fetch region" (new Error("TIMEOUT", "resource://gre/modules/Region.sys.mjs", 416))
console.warn: LoginRecipes: "Falling back to a synchronous message for: https://admin-demo.nopcommerce.com."
console.warn: LoginRecipes: "Falling back to a synchronous message for: https://admin-demo.nopcommerce.com."
1673665637981	geckodriver	INFO	Listening on 127.0.0.1:57417
1673665641052	mozrunner::runner	INFO	Running command: "C:\\Program Files\\Mozilla Firefox\\firefox.exe" "--marionette" "--remote-debugging-port" "57418" "--remote-allow-hosts" "localhost" "-no-remote" "-profile" "C:\\Users\\Vigne\\AppData\\Local\\Temp\\rust_mozprofilewAsJOt"
1673665641464	Marionette	INFO	Marionette enabled
1673665641469	Marionette	INFO	Listening on port 57434
Read port: 57434
WebDriver BiDi listening on ws://127.0.0.1:57418
1673665641661	RemoteAgent	WARN	TLS certificate errors will be ignored for this session
console.warn: SearchSettings: "get: No settings file exists, new profile?" (new NotFoundError("Could not open the file at C:\\Users\\Vigne\\AppData\\Local\\Temp\\rust_mozprofilewAsJOt\\search.json.mozlz4", (void 0)))
DevTools listening on ws://127.0.0.1:57418/devtools/browser/bc227a62-ebac-436f-9122-4baa4521d04f
console.error: Region.sys.mjs: "Error fetching region" (new Error("TIMEOUT", "resource://gre/modules/Region.sys.mjs", 764))
console.error: Region.sys.mjs: "Failed to fetch region" (new Error("TIMEOUT", "resource://gre/modules/Region.sys.mjs", 416))
console.warn: LoginRecipes: "Falling back to a synchronous message for: https://admin-demo.nopcommerce.com."
console.warn: LoginRecipes: "Falling back to a synchronous message for: https://admin-demo.nopcommerce.com."
1673665768025	geckodriver	INFO	Listening on 127.0.0.1:55555
1673665771100	mozrunner::runner	INFO	Running command: "C:\\Program Files\\Mozilla Firefox\\firefox.exe" "--marionette" "--remote-debugging-port" "55556" "--remote-allow-hosts" "localhost" "-no-remote" "-profile" "C:\\Users\\Vigne\\AppData\\Local\\Temp\\rust_mozprofile5Xa3Uu"
1673665771508	Marionette	INFO	Marionette enabled
1673665771514	Marionette	INFO	Listening on port 55569
Read port: 55569
WebDriver BiDi listening on ws://127.0.0.1:55556
1673665771711	RemoteAgent	WARN	TLS certificate errors will be ignored for this session
console.warn: SearchSettings: "get: No settings file exists, new profile?" (new NotFoundError("Could not open the file at C:\\Users\\Vigne\\AppData\\Local\\Temp\\rust_mozprofile5Xa3Uu\\search.json.mozlz4", (void 0)))
DevTools listening on ws://127.0.0.1:55556/devtools/browser/1e48fc80-d582-46b7-addd-739ea7a2fa94
console.warn: LoginRecipes: "Falling back to a synchronous message for: https://admin-demo.nopcommerce.com."
console.warn: LoginRecipes: "Falling back to a synchronous message for: https://admin-demo.nopcommerce.com."
JavaScript error: , line 0: NS_ERROR_NOT_AVAILABLE
1:55819
1673665934632	mozrunner::runner	INFO	Running command: "C:\\Program Files\\Mozilla Firefox\\firefox.exe" "--marionette" "--remote-debugging-port" "55820" "--remote-allow-hosts" "localhost" "-no-remote" "-profile" "C:\\Users\\Vigne\\AppData\\Local\\Temp\\rust_mozprofile6tlzio"
1673665935064	Marionette	INFO	Marionette enabled
1673665935070	Marionette	INFO	Listening on port 55836
Read port: 55836
WebDriver BiDi listening on ws://127.0.0.1:55820
1673665935267	RemoteAgent	WARN	TLS certificate errors will be ignored for this session
console.warn: SearchSettings: "get: No settings file exists, new profile?" (new NotFoundError("Could not open the file at C:\\Users\\Vigne\\AppData\\Local\\Temp\\rust_mozprofile6tlzio\\search.json.mozlz4", (void 0)))
DevTools listening on ws://127.0.0.1:55820/devtools/browser/c9d93cf6-0bca-4127-a04e-7048342078f4
console.warn: LoginRecipes: "Falling back to a synchronous message for: https://admin-demo.nopcommerce.com."
console.warn: LoginRecipes: "Falling back to a synchronous message for: https://admin-demo.nopcommerce.com."
JavaScript error: , line 0: NS_ERROR_NOT_AVAILABLE
1:56026
1673666026106	mozrunner::runner	INFO	Running command: "C:\\Program Files\\Mozilla Firefox\\firefox.exe" "--marionette" "--remote-debugging-port" "56027" "--remote-allow-hosts" "localhost" "-no-remote" "-profile" "C:\\Users\\Vigne\\AppData\\Local\\Temp\\rust_mozprofileklILGH"
1673666026541	Marionette	INFO	Marionette enabled
1673666026548	Marionette	INFO	Listening on port 56043
Read port: 56043
WebDriver BiDi listening on ws://127.0.0.1:56027
1673666026771	RemoteAgent	WARN	TLS certificate errors will be ignored for this session
console.warn: SearchSettings: "get: No settings file exists, new profile?" (new NotFoundError("Could not open the file at C:\\Users\\Vigne\\AppData\\Local\\Temp\\rust_mozprofileklILGH\\search.json.mozlz4", (void 0)))
DevTools listening on ws://127.0.0.1:56027/devtools/browser/e7cd1e12-c46e-4133-816c-a46844415db0
console.warn: LoginRecipes: "Falling back to a synchronous message for: https://admin-demo.nopcommerce.com."
console.warn: LoginRecipes: "Falling back to a synchronous message for: https://admin-demo.nopcommerce.com."
JavaScript error: , line 0: NS_ERROR_NOT_AVAILABLE
1:56543
1673666615243	mozrunner::runner	INFO	Running command: "C:\\Program Files\\Mozilla Firefox\\firefox.exe" "--marionette" "--remote-debugging-port" "56544" "--remote-allow-hosts" "localhost" "-no-remote" "-profile" "C:\\Users\\Vigne\\AppData\\Local\\Temp\\rust_mozprofileQicdFM"
1673666615647	Marionette	INFO	Marionette enabled
1673666615654	Marionette	INFO	Listening on port 56563
Read port: 56563
WebDriver BiDi listening on ws://127.0.0.1:56544
1673666615850	RemoteAgent	WARN	TLS certificate errors will be ignored for this session
console.warn: SearchSettings: "get: No settings file exists, new profile?" (new NotFoundError("Could not open the file at C:\\Users\\Vigne\\AppData\\Local\\Temp\\rust_mozprofileQicdFM\\search.json.mozlz4", (void 0)))
DevTools listening on ws://127.0.0.1:56544/devtools/browser/3833f73a-70c8-41d5-ba06-075aa32c09ca
console.warn: LoginRecipes: "Falling back to a synchronous message for: https://admin-demo.nopcommerce.com."
console.warn: LoginRecipes: "Falling back to a synchronous message for: https://admin-demo.nopcommerce.com."
JavaScript error: , line 0: NS_ERROR_NOT_AVAILABLE
1:56710
1673666691089	mozrunner::runner	INFO	Running command: "C:\\Program Files\\Mozilla Firefox\\firefox.exe" "--marionette" "--remote-debugging-port" "56711" "--remote-allow-hosts" "localhost" "-no-remote" "-profile" "C:\\Users\\Vigne\\AppData\\Local\\Temp\\rust_mozprofileRS6goB"
1673666691558	Marionette	INFO	Marionette enabled
1673666691566	Marionette	INFO	Listening on port 56727
Read port: 56727
WebDriver BiDi listening on ws://127.0.0.1:56711
1673666691755	RemoteAgent	WARN	TLS certificate errors will be ignored for this session
console.warn: SearchSettings: "get: No settings file exists, new profile?" (new NotFoundError("Could not open the file at C:\\Users\\Vigne\\AppData\\Local\\Temp\\rust_mozprofileRS6goB\\search.json.mozlz4", (void 0)))
DevTools listening on ws://127.0.0.1:56711/devtools/browser/8906f9a8-b6d9-44e8-868e-de51c6b8858f
console.warn: LoginRecipes: "Falling back to a synchronous message for: https://admin-demo.nopcommerce.com."
console.warn: LoginRecipes: "Falling back to a synchronous message for: https://admin-demo.nopcommerce.com."
JavaScript error: , line 0: NS_ERROR_NOT_AVAILABLE
1:57169
1673667035292	mozrunner::runner	INFO	Running command: "C:\\Program Files\\Mozilla Firefox\\firefox.exe" "--marionette" "--remote-debugging-port" "57170" "--remote-allow-hosts" "localhost" "-no-remote" "-profile" "C:\\Users\\Vigne\\AppData\\Local\\Temp\\rust_mozprofilexoJMI5"
1673667035708	Marionette	INFO	Marionette enabled
1673667035713	Marionette	INFO	Listening on port 57186
Read port: 57186
WebDriver BiDi listening on ws://127.0.0.1:57170
1673667035902	RemoteAgent	WARN	TLS certificate errors will be ignored for this session
console.warn: SearchSettings: "get: No settings file exists, new profile?" (new NotFoundError("Could not open the file at C:\\Users\\Vigne\\AppData\\Local\\Temp\\rust_mozprofilexoJMI5\\search.json.mozlz4", (void 0)))
DevTools listening on ws://127.0.0.1:57170/devtools/browser/5544121c-132d-499b-9b79-ead5cc93f587
console.warn: LoginRecipes: "Falling back to a synchronous message for: https://admin-demo.nopcommerce.com."
console.warn: LoginRecipes: "Falling back to a synchronous message for: https://admin-demo.nopcommerce.com."
JavaScript error: , line 0: NS_ERROR_NOT_AVAILABLE
1:57385
1673667188038	mozrunner::runner	INFO	Running command: "C:\\Program Files\\Mozilla Firefox\\firefox.exe" "--marionette" "--remote-debugging-port" "57386" "--remote-allow-hosts" "localhost" "-no-remote" "-profile" "C:\\Users\\Vigne\\AppData\\Local\\Temp\\rust_mozprofiledLyVJT"
1673667188462	Marionette	INFO	Marionette enabled
1673667188468	Marionette	INFO	Listening on port 57404
Read port: 57404
WebDriver BiDi listening on ws://127.0.0.1:57386
1673667188665	RemoteAgent	WARN	TLS certificate errors will be ignored for this session
console.warn: SearchSettings: "get: No settings file exists, new profile?" (new NotFoundError("Could not open the file at C:\\Users\\Vigne\\AppData\\Local\\Temp\\rust_mozprofiledLyVJT\\search.json.mozlz4", (void 0)))
DevTools listening on ws://127.0.0.1:57386/devtools/browser/b2d76300-8dbc-495c-9a98-b2b194ed4ae1
console.warn: LoginRecipes: "Falling back to a synchronous message for: https://admin-demo.nopcommerce.com."
console.warn: LoginRecipes: "Falling back to a synchronous message for: https://admin-demo.nopcommerce.com."
1673667197572	Marionette	WARN	TimedPromise timed out after 500 ms: stacktrace:
TimedPromise/<@chrome://remote/content/marionette/sync.sys.mjs:219:24
TimedPromise@chrome://remote/content/marionette/sync.sys.mjs:204:10
interaction.flushEventLoop@chrome://remote/content/marionette/interaction.sys.mjs:425:10
webdriverClickElement@chrome://remote/content/marionette/interaction.sys.mjs:173:31
JavaScript error: , line 0: NS_ERROR_NOT_AVAILABLE
1:57559
1673667278091	mozrunner::runner	INFO	Running command: "C:\\Program Files\\Mozilla Firefox\\firefox.exe" "--marionette" "--remote-debugging-port" "57560" "--remote-allow-hosts" "localhost" "-no-remote" "-profile" "C:\\Users\\Vigne\\AppData\\Local\\Temp\\rust_mozprofileuRR1Rw"
1673667278504	Marionette	INFO	Marionette enabled
1673667278510	Marionette	INFO	Listening on port 57572
Read port: 57572
WebDriver BiDi listening on ws://127.0.0.1:57560
1673667278702	RemoteAgent	WARN	TLS certificate errors will be ignored for this session
console.warn: SearchSettings: "get: No settings file exists, new profile?" (new NotFoundError("Could not open the file at C:\\Users\\Vigne\\AppData\\Local\\Temp\\rust_mozprofileuRR1Rw\\search.json.mozlz4", (void 0)))
DevTools listening on ws://127.0.0.1:57560/devtools/browser/4c4c9cc2-1fe1-49b5-9d20-55a93ff11671
console.warn: LoginRecipes: "Falling back to a synchronous message for: https://admin-demo.nopcommerce.com."
console.warn: LoginRecipes: "Falling back to a synchronous message for: https://admin-demo.nopcommerce.com."
JavaScript error: , line 0: NS_ERROR_NOT_AVAILABLE
1673668193031	geckodriver	INFO	Listening on 127.0.0.1:58258
1673668196115	mozrunner::runner	INFO	Running command: "C:\\Program Files\\Mozilla Firefox\\firefox.exe" "--marionette" "--remote-debugging-port" "58259" "--remote-allow-hosts" "localhost" "-no-remote" "-profile" "C:\\Users\\Vigne\\AppData\\Local\\Temp\\rust_mozprofileKylvkc"
1673668196533	Marionette	INFO	Marionette enabled
1673668196539	Marionette	INFO	Listening on port 58278
Read port: 58278
WebDriver BiDi listening on ws://127.0.0.1:58259
1673668196738	RemoteAgent	WARN	TLS certificate errors will be ignored for this session
console.warn: SearchSettings: "get: No settings file exists, new profile?" (new NotFoundError("Could not open the file at C:\\Users\\Vigne\\AppData\\Local\\Temp\\rust_mozprofileKylvkc\\search.json.mozlz4", (void 0)))
DevTools listening on ws://127.0.0.1:58259/devtools/browser/f38688d9-f943-4aeb-bfea-5ce6f7255f58
console.warn: LoginRecipes: "Falling back to a synchronous message for: https://admin-demo.nopcommerce.com."
console.warn: LoginRecipes: "Falling back to a synchronous message for: https://admin-demo.nopcommerce.com."
1673668204241	Marionette	WARN	TimedPromise timed out after 500 ms: stacktrace:
TimedPromise/<@chrome://remote/content/marionette/sync.sys.mjs:219:24
TimedPromise@chrome://remote/content/marionette/sync.sys.mjs:204:10
interaction.flushEventLoop@chrome://remote/content/marionette/interaction.sys.mjs:425:10
webdriverClickElement@chrome://remote/content/marionette/interaction.sys.mjs:173:31
send@https://admin-demo.nopcommerce.com/lib_npm/jquery/jquery.min.js?v=LO1ZLwpRUE4YpyjPJfd6yZIfA9I:2:82714
ajax@https://admin-demo.nopcommerce.com/lib_npm/jquery/jquery.min.js?v=LO1ZLwpRUE4YpyjPJfd6yZIfA9I:2:78291
@https://admin-demo.nopcommerce.com/js/qlvfucyxvmxlswx0bx1vxg.scripts.js?v=M1Ov74NfRaEDWnAXADkDp5tuu80:96:4933
k/t[r]@https://admin-demo.nopcommerce.com/js/qlvfucyxvmxlswx0bx1vxg.scripts.js?v=M1Ov74NfRaEDWnAXADkDp5tuu80:96:977
t@https://admin-demo.nopcommerce.com/js/qlvfucyxvmxlswx0bx1vxg.scripts.js?v=M1Ov74NfRaEDWnAXADkDp5tuu80:104:849
initOnce@https://admin-demo.nopcommerce.com/js/qlvfucyxvmxlswx0bx1vxg.scripts.js?v=M1Ov74NfRaEDWnAXADkDp5tuu80:104:1251
init@https://admin-demo.nopcommerce.com/js/qlvfucyxvmxlswx0bx1vxg.scripts.js?v=M1Ov74NfRaEDWnAXADkDp5tuu80:105:637
@https://admin-demo.nopcommerce.com/Admin/Order/List:2037:46
e@https://admin-demo.nopcommerce.com/lib_npm/jquery/jquery.min.js?v=LO1ZLwpRUE4YpyjPJfd6yZIfA9I:2:30038
Deferred/then/l/</t<@https://admin-demo.nopcommerce.com/lib_npm/jquery/jquery.min.js?v=LO1ZLwpRUE4YpyjPJfd6yZIfA9I:2:30340
1673668358089	geckodriver	INFO	Listening on 127.0.0.1:58483
1673668361156	mozrunner::runner	INFO	Running command: "C:\\Program Files\\Mozilla Firefox\\firefox.exe" "--marionette" "--remote-debugging-port" "58484" "--remote-allow-hosts" "localhost" "-no-remote" "-profile" "C:\\Users\\Vigne\\AppData\\Local\\Temp\\rust_mozprofileu3RIzo"
1673668361556	Marionette	INFO	Marionette enabled
1673668361561	Marionette	INFO	Listening on port 58497
Read port: 58497
WebDriver BiDi listening on ws://127.0.0.1:58484
1673668361762	RemoteAgent	WARN	TLS certificate errors will be ignored for this session
console.warn: SearchSettings: "get: No settings file exists, new profile?" (new NotFoundError("Could not open the file at C:\\Users\\Vigne\\AppData\\Local\\Temp\\rust_mozprofileu3RIzo\\search.json.mozlz4", (void 0)))
DevTools listening on ws://127.0.0.1:58484/devtools/browser/65f5440b-3b74-476e-9d26-6f7fd89ee129
console.warn: LoginRecipes: "Falling back to a synchronous message for: https://admin-demo.nopcommerce.com."
console.warn: LoginRecipes: "Falling back to a synchronous message for: https://admin-demo.nopcommerce.com."
1673668369337	Marionette	WARN	TimedPromise timed out after 500 ms: stacktrace:
TimedPromise/<@chrome://remote/content/marionette/sync.sys.mjs:219:24
TimedPromise@chrome://remote/content/marionette/sync.sys.mjs:204:10
interaction.flushEventLoop@chrome://remote/content/marionette/interaction.sys.mjs:425:10
webdriverClickElement@chrome://remote/content/marionette/interaction.sys.mjs:173:31
send@https://admin-demo.nopcommerce.com/lib_npm/jquery/jquery.min.js?v=LO1ZLwpRUE4YpyjPJfd6yZIfA9I:2:82714
ajax@https://admin-demo.nopcommerce.com/lib_npm/jquery/jquery.min.js?v=LO1ZLwpRUE4YpyjPJfd6yZIfA9I:2:78291
@https://admin-demo.nopcommerce.com/js/qlvfucyxvmxlswx0bx1vxg.scripts.js?v=M1Ov74NfRaEDWnAXADkDp5tuu80:96:4933
k/t[r]@https://admin-demo.nopcommerce.com/js/qlvfucyxvmxlswx0bx1vxg.scripts.js?v=M1Ov74NfRaEDWnAXADkDp5tuu80:96:977
t@https://admin-demo.nopcommerce.com/js/qlvfucyxvmxlswx0bx1vxg.scripts.js?v=M1Ov74NfRaEDWnAXADkDp5tuu80:104:849
initOnce@https://admin-demo.nopcommerce.com/js/qlvfucyxvmxlswx0bx1vxg.scripts.js?v=M1Ov74NfRaEDWnAXADkDp5tuu80:104:1251
init@https://admin-demo.nopcommerce.com/js/qlvfucyxvmxlswx0bx1vxg.scripts.js?v=M1Ov74NfRaEDWnAXADkDp5tuu80:105:637
@https://admin-demo.nopcommerce.com/Admin/Order/List:2037:46
e@https://admin-demo.nopcommerce.com/lib_npm/jquery/jquery.min.js?v=LO1ZLwpRUE4YpyjPJfd6yZIfA9I:2:30038
Deferred/then/l/</t<@https://admin-demo.nopcommerce.com/lib_npm/jquery/jquery.min.js?v=LO1ZLwpRUE4YpyjPJfd6yZIfA9I:2:30340
1673668514813	geckodriver	INFO	Listening on 127.0.0.1:58693
1673668517869	mozrunner::runner	INFO	Running command: "C:\\Program Files\\Mozilla Firefox\\firefox.exe" "--marionette" "--remote-debugging-port" "58694" "--remote-allow-hosts" "localhost" "-no-remote" "-profile" "C:\\Users\\Vigne\\AppData\\Local\\Temp\\rust_mozprofileft4U9Z"
1673668518277	Marionette	INFO	Marionette enabled
1673668518282	Marionette	INFO	Listening on port 58709
Read port: 58709
WebDriver BiDi listening on ws://127.0.0.1:58694
1673668518485	RemoteAgent	WARN	TLS certificate errors will be ignored for this session
console.warn: SearchSettings: "get: No settings file exists, new profile?" (new NotFoundError("Could not open the file at C:\\Users\\Vigne\\AppData\\Local\\Temp\\rust_mozprofileft4U9Z\\search.json.mozlz4", (void 0)))
DevTools listening on ws://127.0.0.1:58694/devtools/browser/70d6366c-6f26-4f4e-823b-10253d8ae6b5
console.warn: LoginRecipes: "Falling back to a synchronous message for: https://admin-demo.nopcommerce.com."
console.warn: LoginRecipes: "Falling back to a synchronous message for: https://admin-demo.nopcommerce.com."
1673668526536	Marionette	WARN	TimedPromise timed out after 500 ms: stacktrace:
TimedPromise/<@chrome://remote/content/marionette/sync.sys.mjs:219:24
TimedPromise@chrome://remote/content/marionette/sync.sys.mjs:204:10
interaction.flushEventLoop@chrome://remote/content/marionette/interaction.sys.mjs:425:10
webdriverClickElement@chrome://remote/content/marionette/interaction.sys.mjs:173:31
send@https://admin-demo.nopcommerce.com/lib_npm/jquery/jquery.min.js?v=LO1ZLwpRUE4YpyjPJfd6yZIfA9I:2:82714
ajax@https://admin-demo.nopcommerce.com/lib_npm/jquery/jquery.min.js?v=LO1ZLwpRUE4YpyjPJfd6yZIfA9I:2:78291
@https://admin-demo.nopcommerce.com/js/qlvfucyxvmxlswx0bx1vxg.scripts.js?v=M1Ov74NfRaEDWnAXADkDp5tuu80:96:4933
k/t[r]@https://admin-demo.nopcommerce.com/js/qlvfucyxvmxlswx0bx1vxg.scripts.js?v=M1Ov74NfRaEDWnAXADkDp5tuu80:96:977
t@https://admin-demo.nopcommerce.com/js/qlvfucyxvmxlswx0bx1vxg.scripts.js?v=M1Ov74NfRaEDWnAXADkDp5tuu80:104:849
initOnce@https://admin-demo.nopcommerce.com/js/qlvfucyxvmxlswx0bx1vxg.scripts.js?v=M1Ov74NfRaEDWnAXADkDp5tuu80:104:1251
init@https://admin-demo.nopcommerce.com/js/qlvfucyxvmxlswx0bx1vxg.scripts.js?v=M1Ov74NfRaEDWnAXADkDp5tuu80:105:637
@https://admin-demo.nopcommerce.com/Admin/Order/List:2037:46
e@https://admin-demo.nopcommerce.com/lib_npm/jquery/jquery.min.js?v=LO1ZLwpRUE4YpyjPJfd6yZIfA9I:2:30038
Deferred/then/l/</t<@https://admin-demo.nopcommerce.com/lib_npm/jquery/jquery.min.js?v=LO1ZLwpRUE4YpyjPJfd6yZIfA9I:2:30340
JavaScript error: , line 0: NS_ERROR_NOT_AVAILABLE
1673669273286	geckodriver	INFO	Listening on 127.0.0.1:59384
1673669276349	mozrunner::runner	INFO	Running command: "C:\\Program Files\\Mozilla Firefox\\firefox.exe" "--marionette" "--remote-debugging-port" "59385" "--remote-allow-hosts" "localhost" "-no-remote" "-profile" "C:\\Users\\Vigne\\AppData\\Local\\Temp\\rust_mozprofilewiQ7ds"
1673669277162	Marionette	INFO	Marionette enabled
1673669277170	Marionette	INFO	Listening on port 59399
Read port: 59399
WebDriver BiDi listening on ws://127.0.0.1:59385
1673669277538	RemoteAgent	WARN	TLS certificate errors will be ignored for this session
console.warn: SearchSettings: "get: No settings file exists, new profile?" (new NotFoundError("Could not open the file at C:\\Users\\Vigne\\AppData\\Local\\Temp\\rust_mozprofilewiQ7ds\\search.json.mozlz4", (void 0)))
DevTools listening on ws://127.0.0.1:59385/devtools/browser/db2115d0-9e40-4cc3-85ca-3786e79e8efb
JavaScript warning: https://www.redbus.in/javascripts/layout.ea4ccefbefdfab446beb.bundle.js?root=rbus, line 1: WEBGL_debug_renderer_info is deprecated in Firefox and will be removed. Please use RENDERER.
JavaScript warning: https://www.redbus.in/javascripts/layout.ea4ccefbefdfab446beb.bundle.js?root=rbus, line 1: WEBGL_debug_renderer_info is deprecated in Firefox and will be removed. Please use RENDERER.
JavaScript error: https://cdn-jp.gsecondscreen.com/static/ta.min.js, line 1: TypeError: p.onevent is undefined
1673669310976	geckodriver	INFO	Listening on 127.0.0.1:59562
1673669314068	mozrunner::runner	INFO	Running command: "C:\\Program Files\\Mozilla Firefox\\firefox.exe" "--marionette" "--remote-debugging-port" "59563" "--remote-allow-hosts" "localhost" "-no-remote" "-profile" "C:\\Users\\Vigne\\AppData\\Local\\Temp\\rust_mozprofile8QizTr"
1673669314661	Marionette	INFO	Marionette enabled
1673669314669	Marionette	INFO	Listening on port 59579
Read port: 59579
WebDriver BiDi listening on ws://127.0.0.1:59563
1673669314978	RemoteAgent	WARN	TLS certificate errors will be ignored for this session
console.warn: SearchSettings: "get: No settings file exists, new profile?" (new NotFoundError("Could not open the file at C:\\Users\\Vigne\\AppData\\Local\\Temp\\rust_mozprofile8QizTr\\search.json.mozlz4", (void 0)))
DevTools listening on ws://127.0.0.1:59563/devtools/browser/3aeb0114-31c6-4022-a2b0-fb806b6398a4
JavaScript warning: https://www.redbus.in/javascripts/layout.ea4ccefbefdfab446beb.bundle.js?root=rbus, line 1: WEBGL_debug_renderer_info is deprecated in Firefox and will be removed. Please use RENDERER.
JavaScript warning: https://www.redbus.in/javascripts/layout.ea4ccefbefdfab446beb.bundle.js?root=rbus, line 1: WEBGL_debug_renderer_info is deprecated in Firefox and will be removed. Please use RENDERER.
JavaScript error: https://cdn-jp.gsecondscreen.com/static/ta.min.js, line 1: TypeError: p.onevent is undefined
1673669399570	geckodriver	INFO	Listening on 127.0.0.1:59790
1673669402633	mozrunner::runner	INFO	Running command: "C:\\Program Files\\Mozilla Firefox\\firefox.exe" "--marionette" "--remote-debugging-port" "59791" "--remote-allow-hosts" "localhost" "-no-remote" "-profile" "C:\\Users\\Vigne\\AppData\\Local\\Temp\\rust_mozprofilefU48xE"
1673669403247	Marionette	INFO	Marionette enabled
1673669403259	Marionette	INFO	Listening on port 59804
Read port: 59804
WebDriver BiDi listening on ws://127.0.0.1:59791
1673669403519	RemoteAgent	WARN	TLS certificate errors will be ignored for this session
console.warn: SearchSettings: "get: No settings file exists, new profile?" (new NotFoundError("Could not open the file at C:\\Users\\Vigne\\AppData\\Local\\Temp\\rust_mozprofilefU48xE\\search.json.mozlz4", (void 0)))
DevTools listening on ws://127.0.0.1:59791/devtools/browser/ce1028ed-84d9-4566-87e1-a604e464143e
JavaScript warning: https://www.redbus.in/javascripts/layout.ea4ccefbefdfab446beb.bundle.js?root=rbus, line 1: WEBGL_debug_renderer_info is deprecated in Firefox and will be removed. Please use RENDERER.
JavaScript warning: https://www.redbus.in/javascripts/layout.ea4ccefbefdfab446beb.bundle.js?root=rbus, line 1: WEBGL_debug_renderer_info is deprecated in Firefox and will be removed. Please use RENDERER.
JavaScript error: https://cdn-jp.gsecondscreen.com/static/ta.min.js, line 1: TypeError: p.onevent is undefined
1673669440382	geckodriver	INFO	Listening on 127.0.0.1:59973
1673669443455	mozrunner::runner	INFO	Running command: "C:\\Program Files\\Mozilla Firefox\\firefox.exe" "--marionette" "--remote-debugging-port" "59974" "--remote-allow-hosts" "localhost" "-no-remote" "-profile" "C:\\Users\\Vigne\\AppData\\Local\\Temp\\rust_mozprofilemU7nxw"
1673669444067	Marionette	INFO	Marionette enabled
1673669444079	Marionette	INFO	Listening on port 59991
Read port: 59991
WebDriver BiDi listening on ws://127.0.0.1:59974
1673669444372	RemoteAgent	WARN	TLS certificate errors will be ignored for this session
console.warn: SearchSettings: "get: No settings file exists, new profile?" (new NotFoundError("Could not open the file at C:\\Users\\Vigne\\AppData\\Local\\Temp\\rust_mozprofilemU7nxw\\search.json.mozlz4", (void 0)))
DevTools listening on ws://127.0.0.1:59974/devtools/browser/cb73929a-c691-423e-906a-e57008afd376
JavaScript warning: https://www.redbus.in/javascripts/layout.ea4ccefbefdfab446beb.bundle.js?root=rbus, line 1: WEBGL_debug_renderer_info is deprecated in Firefox and will be removed. Please use RENDERER.
JavaScript warning: https://www.redbus.in/javascripts/layout.ea4ccefbefdfab446beb.bundle.js?root=rbus, line 1: WEBGL_debug_renderer_info is deprecated in Firefox and will be removed. Please use RENDERER.
1673669586381	geckodriver	INFO	Listening on 127.0.0.1:60278
1673669589453	mozrunner::runner	INFO	Running command: "C:\\Program Files\\Mozilla Firefox\\firefox.exe" "--marionette" "--remote-debugging-port" "60279" "--remote-allow-hosts" "localhost" "-no-remote" "-profile" "C:\\Users\\Vigne\\AppData\\Local\\Temp\\rust_mozprofileTcd6Ag"
1673669590156	Marionette	INFO	Marionette enabled
1673669590164	Marionette	INFO	Listening on port 60295
Read port: 60295
WebDriver BiDi listening on ws://127.0.0.1:60279
1673669590484	RemoteAgent	WARN	TLS certificate errors will be ignored for this session
console.warn: SearchSettings: "get: No settings file exists, new profile?" (new NotFoundError("Could not open the file at C:\\Users\\Vigne\\AppData\\Local\\Temp\\rust_mozprofileTcd6Ag\\search.json.mozlz4", (void 0)))
DevTools listening on ws://127.0.0.1:60279/devtools/browser/8a6c9c2e-6af4-40c0-9f70-5760fe737d97
JavaScript warning: https://www.redbus.in/javascripts/layout.ea4ccefbefdfab446beb.bundle.js?root=rbus, line 1: WEBGL_debug_renderer_info is deprecated in Firefox and will be removed. Please use RENDERER.
JavaScript warning: https://www.redbus.in/javascripts/layout.ea4ccefbefdfab446beb.bundle.js?root=rbus, line 1: WEBGL_debug_renderer_info is deprecated in Firefox and will be removed. Please use RENDERER.
JavaScript error: https://cdn-jp.gsecondscreen.com/static/ta.min.js, line 1: TypeError: p.onevent is undefined
JavaScript error: , line 0: NS_ERROR_NOT_AVAILABLE
1:60476
1673669639630	mozrunner::runner	INFO	Running command: "C:\\Program Files\\Mozilla Firefox\\firefox.exe" "--marionette" "--remote-debugging-port" "60477" "--remote-allow-hosts" "localhost" "-no-remote" "-profile" "C:\\Users\\Vigne\\AppData\\Local\\Temp\\rust_mozprofileWa5uMR"
1673669640219	Marionette	INFO	Marionette enabled
1673669640225	Marionette	INFO	Listening on port 60490
Read port: 60490
WebDriver BiDi listening on ws://127.0.0.1:60477
1673669640523	RemoteAgent	WARN	TLS certificate errors will be ignored for this session
console.warn: SearchSettings: "get: No settings file exists, new profile?" (new NotFoundError("Could not open the file at C:\\Users\\Vigne\\AppData\\Local\\Temp\\rust_mozprofileWa5uMR\\search.json.mozlz4", (void 0)))
DevTools listening on ws://127.0.0.1:60477/devtools/browser/13fc40e1-e275-43a7-beb3-63404497b17d
JavaScript warning: https://www.redbus.in/javascripts/layout.ea4ccefbefdfab446beb.bundle.js?root=rbus, line 1: WEBGL_debug_renderer_info is deprecated in Firefox and will be removed. Please use RENDERER.
JavaScript warning: https://www.redbus.in/javascripts/layout.ea4ccefbefdfab446beb.bundle.js?root=rbus, line 1: WEBGL_debug_renderer_info is deprecated in Firefox and will be removed. Please use RENDERER.
JavaScript error: https://cdn-jp.gsecondscreen.com/static/ta.min.js, line 1: TypeError: p.onevent is undefined
JavaScript error: , line 0: NS_ERROR_NOT_AVAILABLE
